make all --print-data-base --no-builtin-variables --no-builtin-rules --question
# GNU Make 3.81
# Copyright (C) 2006  Free Software Foundation, Inc.
# This is free software; see the source for copying conditions.
# There is NO warranty; not even for MERCHANTABILITY or FITNESS FOR A
# PARTICULAR PURPOSE.

# This program built for i386-apple-darwin11.3.0
 

# Make data base, printed on Sat Jun  4 15:49:48 2022

# Variables

# automatic
<D = $(patsubst %/,%,$(dir $<))
# automatic
?F = $(notdir $?)
# makefile (from `Makefile', line 147)
LDSCRIPT = STM32F334R8Tx_FLASH.ld
# environment
VSCODE_LOG_NATIVE = false
# makefile (from `Makefile', line 16)
TARGET = uart-hal
# automatic
?D = $(patsubst %/,%,$(dir $?))
# environment
PLATFORMIO_IDE = 2.4.3
# makefile (from `Makefile', line 109)
AS_DEFS = 
# makefile (from `Makefile', line 118)
AS_INCLUDES = 
# automatic
@D = $(patsubst %/,%,$(dir $@))
# automatic
@F = $(notdir $@)
# makefile
CURDIR := /Users/christopherdean/Dev/stm32-github/nucleo-f334r8/uart-hal
# makefile
SHELL = /bin/sh
# makefile (from `Makefile', line 90)
BIN = $(CP) -O binary -S
# environment
VSCODE_NLS_CONFIG = {"locale":"en-us","availableLanguages":{},"_languagePackSupport":true}
# makefile (from `Makefile', line 87)
SZ = $(PREFIX)size
# environment
_ = /usr/bin/make
# makefile (from `Makefile', line 140)
CFLAGS = $(MCU) $(C_DEFS) $(C_INCLUDES) $(OPT) -Wall -fdata-sections -ffunction-sections -g -gdwarf-2 -MMD -MP -MF"$(@:%.o=%.d)"
# makefile (from `build/usart.d', line 1)
MAKEFILE_LIST :=  Makefile build/dac.d build/gpio.d build/main.d build/startup_stm32f334x8.d build/stm32f3xx_hal.d build/stm32f3xx_hal_cortex.d build/stm32f3xx_hal_dac.d build/stm32f3xx_hal_dac_ex.d build/stm32f3xx_hal_dma.d build/stm32f3xx_hal_exti.d build/stm32f3xx_hal_flash.d build/stm32f3xx_hal_flash_ex.d build/stm32f3xx_hal_gpio.d build/stm32f3xx_hal_i2c.d build/stm32f3xx_hal_i2c_ex.d build/stm32f3xx_hal_msp.d build/stm32f3xx_hal_pwr.d build/stm32f3xx_hal_pwr_ex.d build/stm32f3xx_hal_rcc.d build/stm32f3xx_hal_rcc_ex.d build/stm32f3xx_hal_tim.d build/stm32f3xx_hal_tim_ex.d build/stm32f3xx_hal_uart.d build/stm32f3xx_hal_uart_ex.d build/stm32f3xx_it.d build/system_stm32f3xx.d build/usart.d
# makefile (from `Makefile', line 86)
CP = $(PREFIX)objcopy
# makefile (from `Makefile', line 23)
DEBUG = 1
# environment
VSCODE_VERBOSE_LOGGING = true
# makefile (from `Makefile', line 85)
AS = $(PREFIX)gcc -x assembler-with-cpp
# environment
VSCODE_IPC_HOOK_EXTHOST = /var/folders/6v/2ts6tm0j4jxgxhrmdv8hd4r80000gn/T/vscode-ipc-fa8d62da-a68a-4766-b69a-7098d70e5a1c.sock
# environment
VSCODE_CWD = /
# environment
NO_PROXY = 127.0.0.1
# environment
LSCOLORS = Gxfxcxdxbxegedabagacad
# environment
LaunchInstanceID = 1D609FD5-5EAA-426B-8496-F0C12495F807
# environment
VSCODE_LOG_STACK = false
# environment
ELECTRON_RUN_AS_NODE = 1
# makefile (from `Makefile', line 152)
LDFLAGS = $(MCU) -specs=nano.specs -T$(LDSCRIPT) $(LIBDIR) $(LIBS) -Wl,-Map=$(BUILD_DIR)/$(TARGET).map,--cref -Wl,--gc-sections
# default
.FEATURES := target-specific order-only second-expansion else-if archives jobserver check-symlink
# environment
SSH_AUTH_SOCK = /private/tmp/com.apple.launchd.pDiRdTX6nu/Listeners
# automatic
%F = $(notdir $%)
# makefile (from `Makefile', line 68)
ASM_SOURCES = startup_stm32f334x8.s
# makefile (from `Makefile', line 25)
OPT = -Og
# environment
VSCODE_PIPE_LOGGING = true
# environment
PWD = /Users/christopherdean/Dev/stm32-github/nucleo-f334r8/uart-hal
# environment
ORIGINAL_XDG_CURRENT_DESKTOP = undefined
# environment
VSCODE_AMD_ENTRYPOINT = vs/workbench/api/node/extensionHostProcess
# environment
HOME = /Users/christopherdean
# default
MAKEFILEPATH = $(shell /usr/bin/xcode-select -print-path 2>/dev/null || echo /Developer)/Makefiles
# environment
VSCODE_CODE_CACHE_PATH = /Users/christopherdean/Library/Application Support/Code/CachedData/c3511e6c69bb39013c4a4b7b9566ec1ca73fc4d5
# environment
LOGNAME = christopherdean
# environment
APPLICATION_INSIGHTS_NO_DIAGNOSTIC_CHANNEL = 1
# makefile (from `Makefile', line 75)
PREFIX = arm-none-eabi-
# environment
VSCODE_HANDLES_UNCAUGHT_ERRORS = true
# automatic
^D = $(patsubst %/,%,$(dir $^))
# makefile (from `Makefile', line 112)
C_DEFS = -DUSE_HAL_DRIVER -DSTM32F334x8
# environment
PLATFORMIO_PATH = /Users/christopherdean/.platformio/penv/bin:/Users/christopherdean/.platformio/penv:/Users/christopherdean/.platformio/python3/bin:/Library/Frameworks/Python.framework/Versions/3.7/bin:/usr/local/bin:/usr/bin:/bin:/usr/sbin:/sbin:/usr/local/share/dotnet:~/.dotnet/tools:/Library/Frameworks/Mono.framework/Versions/Current/Commands
# default
MAKE = $(MAKE_COMMAND)
# default
MAKECMDGOALS := all
# environment
PATH = /Library/Frameworks/Python.framework/Versions/3.7/bin:/usr/local/bin:/usr/bin:/bin:/usr/sbin:/sbin:/usr/local/share/dotnet:~/.dotnet/tools:/Library/Frameworks/Mono.framework/Versions/Current/Commands
# environment
SHLVL = 3
# makefile (from `Makefile', line 102)
FLOAT-ABI = -mfloat-abi=hard
# environment
XPC_FLAGS = 0x0
# makefile (from `Makefile', line 89)
HEX = $(CP) -O ihex
# makefile (from `Makefile', line 84)
CC = $(PREFIX)gcc
# makefile (from `Makefile', line 32)
BUILD_DIR = build
# makefile (from `Makefile', line 130)
ASFLAGS = $(MCU) $(AS_DEFS) $(AS_INCLUDES) $(OPT) -Wall -fdata-sections -ffunction-sections
# default
MAKE_VERSION := 3.81
# environment
USER = christopherdean
# makefile
.DEFAULT_GOAL := all
# automatic
%D = $(patsubst %/,%,$(dir $%))
# makefile (from `Makefile', line 96)
CPU = -mcpu=cortex-m4
# makefile (from `Makefile', line 99)
FPU = -mfpu=fpv4-sp-d16
# default
MAKE_COMMAND := /Library/Developer/CommandLineTools/usr/bin/make
# makefile (from `Makefile', line 151)
LIBDIR = 
# default
.VARIABLES := 
# environment
TMPDIR = /var/folders/6v/2ts6tm0j4jxgxhrmdv8hd4r80000gn/T/
# automatic
*F = $(notdir $*)
# environment
VSCODE_IPC_HOOK = /Users/christopherdean/Library/Application Support/Code/1.67.2-main.sock
# makefile
MAKEFLAGS = Rrqp
# environment
MFLAGS = -Rrqp
# automatic
*D = $(patsubst %/,%,$(dir $*))
# environment
XPC_SERVICE_NAME = com.microsoft.VSCode.20080.D30C63F7-771A-400B-8013-BDE51341AF4B
# automatic
+D = $(patsubst %/,%,$(dir $+))
# automatic
+F = $(notdir $+)
# makefile (from `Makefile', line 105)
MCU = $(CPU) -mthumb $(FPU) $(FLOAT-ABI)
# makefile (from `Makefile', line 121)
C_INCLUDES = -ICore/Inc -IDrivers/STM32F3xx_HAL_Driver/Inc -IDrivers/STM32F3xx_HAL_Driver/Inc/Legacy -IDrivers/CMSIS/Device/ST/STM32F3xx/Include -IDrivers/CMSIS/Include
# environment
__CF_USER_TEXT_ENCODING = 0x1F5:0x0:0x0
# default
MAKEFILES := 
# automatic
<F = $(notdir $<)
# environment
PLATFORMIO_CALLER = vscode
# environment
LC_ALL = C
# makefile (from `Makefile', line 150)
LIBS = -lc -lm -lnosys 
# automatic
^F = $(notdir $^)
# makefile (from `Makefile', line 38)
C_SOURCES = Core/Src/main.c Core/Src/gpio.c Core/Src/dac.c Core/Src/usart.c Core/Src/user.c Core/Src/stm32f3xx_it.c Core/Src/stm32f3xx_hal_msp.c Drivers/STM32F3xx_HAL_Driver/Src/stm32f3xx_hal_dac.c Drivers/STM32F3xx_HAL_Driver/Src/stm32f3xx_hal_dac_ex.c Drivers/STM32F3xx_HAL_Driver/Src/stm32f3xx_hal.c Drivers/STM32F3xx_HAL_Driver/Src/stm32f3xx_hal_rcc.c Drivers/STM32F3xx_HAL_Driver/Src/stm32f3xx_hal_rcc_ex.c Drivers/STM32F3xx_HAL_Driver/Src/stm32f3xx_hal_gpio.c Drivers/STM32F3xx_HAL_Driver/Src/stm32f3xx_hal_dma.c Drivers/STM32F3xx_HAL_Driver/Src/stm32f3xx_hal_cortex.c Drivers/STM32F3xx_HAL_Driver/Src/stm32f3xx_hal_pwr.c Drivers/STM32F3xx_HAL_Driver/Src/stm32f3xx_hal_pwr_ex.c Drivers/STM32F3xx_HAL_Driver/Src/stm32f3xx_hal_flash.c Drivers/STM32F3xx_HAL_Driver/Src/stm32f3xx_hal_flash_ex.c Drivers/STM32F3xx_HAL_Driver/Src/stm32f3xx_hal_i2c.c Drivers/STM32F3xx_HAL_Driver/Src/stm32f3xx_hal_i2c_ex.c Drivers/STM32F3xx_HAL_Driver/Src/stm32f3xx_hal_exti.c Drivers/STM32F3xx_HAL_Driver/Src/stm32f3xx_hal_tim.c Drivers/STM32F3xx_HAL_Driver/Src/stm32f3xx_hal_tim_ex.c Drivers/STM32F3xx_HAL_Driver/Src/stm32f3xx_hal_uart.c Drivers/STM32F3xx_HAL_Driver/Src/stm32f3xx_hal_uart_ex.c Core/Src/system_stm32f3xx.c  
# default
SUFFIXES := 
# environment
GREP_OPTIONS = --color=auto
# default
.INCLUDE_DIRS = /usr/local/include
# environment
MAKELEVEL := 0
# makefile (from `Makefile', line 165)
OBJECTS = $(addprefix $(BUILD_DIR)/,$(notdir $(C_SOURCES:.c=.o))) $(addprefix $(BUILD_DIR)/,$(notdir $(ASM_SOURCES:.s=.o)))
# environment
CLICOLOR = 1
# environment
LANG = C
# environment
TERM = xterm-color
# environment
VSCODE_PID = 97979
# variable set hash-table stats:
# Load=97/1024=9%, Rehash=0, Collisions=7/223=3%

 
# Pattern-specific Variable Values

# No pattern-specific variable values.

# Directories

# . (device 16777220, inode 31570510): 12 files, no impossibilities.
# build (device 16777220, inode 31593125): 83 files, no impossibilities.
# Drivers/STM32F3xx_HAL_Driver/Src (device 16777220, inode 31570599): No files, no impossibilities so far.
# Core/Src (device 16777220, inode 31570528): 5 files, no impossibilities so far.

# 100 files, no impossibilities in 4 directories.

# Implicit Rules

build/%.o: %.c Makefile | build
#  commands to execute (from `Makefile', line 169):
	$(CC) -c $(CFLAGS) -Wa,-a,-ad,-alms=$(BUILD_DIR)/$(notdir $(<:.c=.lst)) $< -o $@
	

build/%.o: %.s Makefile | build
#  commands to execute (from `Makefile', line 172):
	$(AS) -c $(CFLAGS) $< -o $@
	

build/%.hex: build/%.elf | build
#  commands to execute (from `Makefile', line 179):
	$(HEX) $< $@
	

build/%.bin: build/%.elf | build
#  commands to execute (from `Makefile', line 182):
	$(BIN) $< $@	
	

# 4 implicit rules, 0 (0.0%) terminal.

# Files

# Not a target:
build/stm32f3xx_hal_exti.d:
#  A default, MAKEFILES, or -include/sinclude makefile.
#  Implicit rule search has been done.
#  Last modified 2022-06-04 15:47:38
#  File has been updated.
#  Successfully updated.
# variable set hash-table stats:
# Load=0/32=0%, Rehash=0, Collisions=0/0=0%

# Not a target:
build/uart-hal.bin:
#  Implicit rule search has not been done.
#  Modification time never checked.
#  File has not been updated.

# Not a target:
Core/Src/gpio.c:
#  Implicit rule search has been done.
#  Last modified 2022-06-04 09:13:39
#  File has been updated.
#  Successfully updated.
# variable set hash-table stats:
# Load=0/32=0%, Rehash=0, Collisions=0/0=0%

Drivers/STM32F3xx_HAL_Driver/Inc/Legacy/stm32_hal_legacy.h:
#  Implicit rule search has been done.
#  Last modified 2022-06-04 09:13:41
#  File has been updated.
#  Successfully updated.
# variable set hash-table stats:
# Load=0/32=0%, Rehash=0, Collisions=0/0=0%

Drivers/STM32F3xx_HAL_Driver/Inc/stm32f3xx_hal_rcc_ex.h:
#  Implicit rule search has been done.
#  Last modified 2022-06-04 09:13:41
#  File has been updated.
#  Successfully updated.
# variable set hash-table stats:
# Load=0/32=0%, Rehash=0, Collisions=0/0=0%

build/stm32f3xx_hal_cortex.o: Drivers/STM32F3xx_HAL_Driver/Src/stm32f3xx_hal_cortex.c Drivers/STM32F3xx_HAL_Driver/Inc/stm32f3xx_hal.h Core/Inc/stm32f3xx_hal_conf.h Drivers/STM32F3xx_HAL_Driver/Inc/stm32f3xx_hal_rcc.h Drivers/STM32F3xx_HAL_Driver/Inc/stm32f3xx_hal_def.h Drivers/CMSIS/Device/ST/STM32F3xx/Include/stm32f3xx.h Drivers/CMSIS/Device/ST/STM32F3xx/Include/stm32f334x8.h Drivers/CMSIS/Include/core_cm4.h Drivers/CMSIS/Include/cmsis_version.h Drivers/CMSIS/Include/cmsis_compiler.h Drivers/CMSIS/Include/cmsis_gcc.h Drivers/CMSIS/Device/ST/STM32F3xx/Include/system_stm32f3xx.h Drivers/STM32F3xx_HAL_Driver/Inc/Legacy/stm32_hal_legacy.h Drivers/STM32F3xx_HAL_Driver/Inc/stm32f3xx_hal_rcc_ex.h Drivers/STM32F3xx_HAL_Driver/Inc/stm32f3xx_hal_gpio.h Drivers/STM32F3xx_HAL_Driver/Inc/stm32f3xx_hal_gpio_ex.h Drivers/STM32F3xx_HAL_Driver/Inc/stm32f3xx_hal_exti.h Drivers/STM32F3xx_HAL_Driver/Inc/stm32f3xx_hal_dma.h Drivers/STM32F3xx_HAL_Driver/Inc/stm32f3xx_hal_dma_ex.h Drivers/STM32F3xx_HAL_Driver/Inc/stm32f3xx_hal_cortex.h Drivers/STM32F3xx_HAL_Driver/Inc/stm32f3xx_hal_dac.h Drivers/STM32F3xx_HAL_Driver/Inc/stm32f3xx_hal_dac_ex.h Drivers/STM32F3xx_HAL_Driver/Inc/stm32f3xx_hal_flash.h Drivers/STM32F3xx_HAL_Driver/Inc/stm32f3xx_hal_flash_ex.h Drivers/STM32F3xx_HAL_Driver/Inc/stm32f3xx_hal_i2c.h Drivers/STM32F3xx_HAL_Driver/Inc/stm32f3xx_hal_i2c_ex.h Drivers/STM32F3xx_HAL_Driver/Inc/stm32f3xx_hal_pwr.h Drivers/STM32F3xx_HAL_Driver/Inc/stm32f3xx_hal_pwr_ex.h Drivers/STM32F3xx_HAL_Driver/Inc/stm32f3xx_hal_uart.h Drivers/STM32F3xx_HAL_Driver/Inc/stm32f3xx_hal_uart_ex.h
#  Implicit rule search has not been done.
#  Modification time never checked.
#  File has not been updated.

# Not a target:
build/gpio.d:
#  A default, MAKEFILES, or -include/sinclude makefile.
#  Implicit rule search has been done.
#  Last modified 2022-06-04 15:49:36
#  File has been updated.
#  Successfully updated.
# variable set hash-table stats:
# Load=0/32=0%, Rehash=0, Collisions=0/0=0%

build/dac.o: Core/Src/dac.c Makefile Core/Src/dac.c Core/Inc/dac.h Core/Inc/main.h Drivers/STM32F3xx_HAL_Driver/Inc/stm32f3xx_hal.h Core/Inc/stm32f3xx_hal_conf.h Drivers/STM32F3xx_HAL_Driver/Inc/stm32f3xx_hal_rcc.h Drivers/STM32F3xx_HAL_Driver/Inc/stm32f3xx_hal_def.h Drivers/CMSIS/Device/ST/STM32F3xx/Include/stm32f3xx.h Drivers/CMSIS/Device/ST/STM32F3xx/Include/stm32f334x8.h Drivers/CMSIS/Include/core_cm4.h Drivers/CMSIS/Include/cmsis_version.h Drivers/CMSIS/Include/cmsis_compiler.h Drivers/CMSIS/Include/cmsis_gcc.h Drivers/CMSIS/Device/ST/STM32F3xx/Include/system_stm32f3xx.h Drivers/STM32F3xx_HAL_Driver/Inc/Legacy/stm32_hal_legacy.h Drivers/STM32F3xx_HAL_Driver/Inc/stm32f3xx_hal_rcc_ex.h Drivers/STM32F3xx_HAL_Driver/Inc/stm32f3xx_hal_gpio.h Drivers/STM32F3xx_HAL_Driver/Inc/stm32f3xx_hal_gpio_ex.h Drivers/STM32F3xx_HAL_Driver/Inc/stm32f3xx_hal_exti.h Drivers/STM32F3xx_HAL_Driver/Inc/stm32f3xx_hal_dma.h Drivers/STM32F3xx_HAL_Driver/Inc/stm32f3xx_hal_dma_ex.h Drivers/STM32F3xx_HAL_Driver/Inc/stm32f3xx_hal_cortex.h Drivers/STM32F3xx_HAL_Driver/Inc/stm32f3xx_hal_dac.h Drivers/STM32F3xx_HAL_Driver/Inc/stm32f3xx_hal_dac_ex.h Drivers/STM32F3xx_HAL_Driver/Inc/stm32f3xx_hal_flash.h Drivers/STM32F3xx_HAL_Driver/Inc/stm32f3xx_hal_flash_ex.h Drivers/STM32F3xx_HAL_Driver/Inc/stm32f3xx_hal_i2c.h Drivers/STM32F3xx_HAL_Driver/Inc/stm32f3xx_hal_i2c_ex.h Drivers/STM32F3xx_HAL_Driver/Inc/stm32f3xx_hal_pwr.h Drivers/STM32F3xx_HAL_Driver/Inc/stm32f3xx_hal_pwr_ex.h Drivers/STM32F3xx_HAL_Driver/Inc/stm32f3xx_hal_uart.h Drivers/STM32F3xx_HAL_Driver/Inc/stm32f3xx_hal_uart_ex.h | build
#  Implicit rule search has been done.
#  Implicit/static pattern stem: `dac'
#  Last modified 2022-06-04 15:49:37
#  File has been updated.
#  Successfully updated.
# variable set hash-table stats:
# Load=0/32=0%, Rehash=0, Collisions=0/0=0%
#  commands to execute (from `Makefile', line 169):
	$(CC) -c $(CFLAGS) -Wa,-a,-ad,-alms=$(BUILD_DIR)/$(notdir $(<:.c=.lst)) $< -o $@
	

# Not a target:
Core/Src/stm32f3xx_it.c:
#  Implicit rule search has not been done.
#  Modification time never checked.
#  File has not been updated.

# Not a target:
build/startup_stm32f334x8.d:
#  A default, MAKEFILES, or -include/sinclude makefile.
#  Implicit rule search has been done.
#  Last modified 2022-06-04 15:47:37
#  File has been updated.
#  Successfully updated.
# variable set hash-table stats:
# Load=0/32=0%, Rehash=0, Collisions=0/0=0%

build/main.o: Core/Src/main.c Makefile Core/Src/main.c Core/Inc/main.h Drivers/STM32F3xx_HAL_Driver/Inc/stm32f3xx_hal.h Core/Inc/stm32f3xx_hal_conf.h Drivers/STM32F3xx_HAL_Driver/Inc/stm32f3xx_hal_rcc.h Drivers/STM32F3xx_HAL_Driver/Inc/stm32f3xx_hal_def.h Drivers/CMSIS/Device/ST/STM32F3xx/Include/stm32f3xx.h Drivers/CMSIS/Device/ST/STM32F3xx/Include/stm32f334x8.h Drivers/CMSIS/Include/core_cm4.h Drivers/CMSIS/Include/cmsis_version.h Drivers/CMSIS/Include/cmsis_compiler.h Drivers/CMSIS/Include/cmsis_gcc.h Drivers/CMSIS/Device/ST/STM32F3xx/Include/system_stm32f3xx.h Drivers/STM32F3xx_HAL_Driver/Inc/Legacy/stm32_hal_legacy.h Drivers/STM32F3xx_HAL_Driver/Inc/stm32f3xx_hal_rcc_ex.h Drivers/STM32F3xx_HAL_Driver/Inc/stm32f3xx_hal_gpio.h Drivers/STM32F3xx_HAL_Driver/Inc/stm32f3xx_hal_gpio_ex.h Drivers/STM32F3xx_HAL_Driver/Inc/stm32f3xx_hal_exti.h Drivers/STM32F3xx_HAL_Driver/Inc/stm32f3xx_hal_dma.h Drivers/STM32F3xx_HAL_Driver/Inc/stm32f3xx_hal_dma_ex.h Drivers/STM32F3xx_HAL_Driver/Inc/stm32f3xx_hal_cortex.h Drivers/ 
STM32F3xx_HAL_Driver/Inc/stm32f3xx_hal_dac.h Drivers/STM32F3xx_HAL_Driver/Inc/stm32f3xx_hal_dac_ex.h Drivers/STM32F3xx_HAL_Driver/Inc/stm32f3xx_hal_flash.h Drivers/STM32F3xx_HAL_Driver/Inc/stm32f3xx_hal_flash_ex.h Drivers/STM32F3xx_HAL_Driver/Inc/stm32f3xx_hal_i2c.h Drivers/STM32F3xx_HAL_Driver/Inc/stm32f3xx_hal_i2c_ex.h Drivers/STM32F3xx_HAL_Driver/Inc/stm32f3xx_hal_pwr.h Drivers/STM32F3xx_HAL_Driver/Inc/stm32f3xx_hal_pwr_ex.h Drivers/STM32F3xx_HAL_Driver/Inc/stm32f3xx_hal_uart.h Drivers/STM32F3xx_HAL_Driver/Inc/stm32f3xx_hal_uart_ex.h Core/Inc/dac.h Core/Inc/main.h Core/Inc/usart.h Core/Inc/gpio.h Core/Inc/user.h | build
#  Implicit rule search has been done.
#  Implicit/static pattern stem: `main'
#  Last modified 2022-06-04 15:49:37
#  File has been updated.
#  Successfully updated.
# variable set hash-table stats:
# Load=0/32=0%, Rehash=0, Collisions=0/0=0%
#  commands to execute (from `Makefile', line 169):
	$(CC) -c $(CFLAGS) -Wa,-a,-ad,-alms=$(BUILD_DIR)/$(notdir $(<:.c=.lst)) $< -o $@
	

build/stm32f3xx_hal_flash_ex.o: Drivers/STM32F3xx_HAL_Driver/Src/stm32f3xx_hal_flash_ex.c Drivers/STM32F3xx_HAL_Driver/Inc/stm32f3xx_hal.h Core/Inc/stm32f3xx_hal_conf.h Drivers/STM32F3xx_HAL_Driver/Inc/stm32f3xx_hal_rcc.h Drivers/STM32F3xx_HAL_Driver/Inc/stm32f3xx_hal_def.h Drivers/CMSIS/Device/ST/STM32F3xx/Include/stm32f3xx.h Drivers/CMSIS/Device/ST/STM32F3xx/Include/stm32f334x8.h Drivers/CMSIS/Include/core_cm4.h Drivers/CMSIS/Include/cmsis_version.h Drivers/CMSIS/Include/cmsis_compiler.h Drivers/CMSIS/Include/cmsis_gcc.h Drivers/CMSIS/Device/ST/STM32F3xx/Include/system_stm32f3xx.h Drivers/STM32F3xx_HAL_Driver/Inc/Legacy/stm32_hal_legacy.h Drivers/STM32F3xx_HAL_Driver/Inc/stm32f3xx_hal_rcc_ex.h Drivers/STM32F3xx_HAL_Driver/Inc/stm32f3xx_hal_gpio.h Drivers/STM32F3xx_HAL_Driver/Inc/stm32f3xx_hal_gpio_ex.h Drivers/STM32F3xx_HAL_Driver/Inc/stm32f3xx_hal_exti.h Drivers/STM32F3xx_HAL_Driver/Inc/stm32f3xx_hal_dma.h Drivers/STM32F3xx_HAL_Driver/Inc/stm32f3xx_hal_dma_ex.h Drivers/STM32F3xx_HAL_Driver/Inc/stm32f3xx_hal_cortex.h Drivers/STM32F3xx_HAL_Driver/Inc/stm32f3xx_hal_dac.h Drivers/STM32F3xx_HAL_Driver/Inc/stm32f3xx_hal_dac_ex.h Drivers/STM32F3xx_HAL_Driver/Inc/stm32f3xx_hal_flash.h Drivers/STM32F3xx_HAL_Driver/Inc/stm32f3xx_hal_flash_ex.h Drivers/STM32F3xx_HAL_Driver/Inc/stm32f3xx_hal_i2c.h Drivers/STM32F3xx_HAL_Driver/Inc/stm32f3xx_hal_i2c_ex.h Drivers/STM32F3xx_HAL_Driver/Inc/stm32f3xx_hal_pwr.h Drivers/STM32F3xx_HAL_Driver/Inc/stm32f3xx_hal_pwr_ex.h Drivers/STM32F3xx_HAL_Driver/Inc/stm32f3xx_hal_uart.h Drivers/STM32F3xx_HAL_Driver/Inc/stm32f3xx_hal_uart_ex.h
#  Implicit rule search has not been done.
#  Modification time never checked.
#  File has not been updated.

Drivers/STM32F3xx_HAL_Driver/Inc/stm32f3xx_hal_i2c.h:
#  Implicit rule search has been done.
#  Last modified 2022-06-04 09:13:41
#  File has been updated.
#  Successfully updated.
# variable set hash-table stats:
# Load=0/32=0%, Rehash=0, Collisions=0/0=0%

Drivers/CMSIS/Include/cmsis_version.h:
#  Implicit rule search has been done.
#  Last modified 2022-06-04 09:13:41
#  File has been updated.
#  Successfully updated.
# variable set hash-table stats:
# Load=0/32=0%, Rehash=0, Collisions=0/0=0%

# Not a target:
build/stm32f3xx_it.d:
#  A default, MAKEFILES, or -include/sinclude makefile.
#  Implicit rule search has been done.
#  Last modified 2022-06-04 15:49:36
#  File has been updated.
#  Successfully updated.
# variable set hash-table stats:
# Load=0/32=0%, Rehash=0, Collisions=0/0=0%

Drivers/CMSIS/Device/ST/STM32F3xx/Include/stm32f334x8.h:
#  Implicit rule search has been done.
#  Last modified 2022-06-04 09:13:41
#  File has been updated.
#  Successfully updated.
# variable set hash-table stats:
# Load=0/32=0%, Rehash=0, Collisions=0/0=0%

# Not a target:
startup_stm32f334x8.s:
#  Implicit rule search has not been done.
#  Modification time never checked.
#  File has not been updated.

# Not a target:
Drivers/STM32F3xx_HAL_Driver/Src/stm32f3xx_hal_rcc_ex.c:
#  Implicit rule search has not been done.
#  Modification time never checked.
#  File has not been updated.

all: build/uart-hal.elf build/uart-hal.hex build/uart-hal.bin
#  Command-line target.
#  Implicit rule search has been done.
#  File does not exist.
#  File has been updated.
#  Needs to be updated (-q is set).
# variable set hash-table stats:
# Load=0/32=0%, Rehash=0, Collisions=0/13=0%

Drivers/CMSIS/Include/cmsis_gcc.h:
#  Implicit rule search has been done.
#  Last modified 2022-06-04 09:13:41
#  File has been updated.
#  Successfully updated.
# variable set hash-table stats:
# Load=0/32=0%, Rehash=0, Collisions=0/0=0%

build/usart.o: Core/Src/usart.c Makefile Core/Src/usart.c Core/Inc/usart.h Core/Inc/main.h Drivers/STM32F3xx_HAL_Driver/Inc/stm32f3xx_hal.h Core/Inc/stm32f3xx_hal_conf.h Drivers/STM32F3xx_HAL_Driver/Inc/stm32f3xx_hal_rcc.h Drivers/STM32F3xx_HAL_Driver/Inc/stm32f3xx_hal_def.h Drivers/CMSIS/Device/ST/STM32F3xx/Include/stm32f3xx.h Drivers/CMSIS/Device/ST/STM32F3xx/Include/stm32f334x8.h Drivers/CMSIS/Include/core_cm4.h Drivers/CMSIS/Include/cmsis_version.h Drivers/CMSIS/Include/cmsis_compiler.h Drivers/CMSIS/Include/cmsis_gcc.h Drivers/CMSIS/Device/ST/STM32F3xx/Include/system_stm32f3xx.h Drivers/STM32F3xx_HAL_Driver/Inc/Legacy/stm32_hal_legacy.h Drivers/STM32F3xx_HAL_Driver/Inc/stm32f3xx_hal_rcc_ex.h Drivers/STM32F3xx_HAL_Driver/Inc/stm32f3xx_hal_gpio.h Drivers/STM32F3xx_HAL_Driver/Inc/stm32f3xx_hal_gpio_ex.h Drivers/STM32F3xx_HAL_Driver/Inc/stm32f3xx_hal_exti.h Drivers/STM32F3xx_HAL_Driver/Inc/stm32f3xx_hal_dma.h Drivers/STM32F3xx_HAL_Driver/Inc/stm32f3xx_hal_dma_ex.h Drivers/STM32F3xx_HAL_Driver/Inc/stm32f3xx_hal_cortex.h Drivers/STM32F3xx_HAL_Driver/Inc/stm32f3xx_hal_dac.h Drivers/STM32F3xx_HAL_Driver/Inc/stm32f3xx_hal_dac_ex.h Drivers/STM32F3xx_HAL_Driver/Inc/stm32f3xx_hal_flash.h Drivers/STM32F3xx_HAL_Driver/Inc/stm32f3xx_hal_flash_ex.h Drivers/STM32F3xx_HAL_Driver/Inc/stm32f3xx_hal_i2c.h Drivers/STM32F3xx_HAL_Driver/Inc/stm32f3xx_hal_i2c_ex.h Drivers/STM32F3xx_HAL_Driver/Inc/stm32f3xx_hal_pwr.h Drivers/STM32F3xx_HAL_Driver/Inc/stm32f3xx_hal_pwr_ex.h Drivers/STM32F3xx_HAL_Driver/Inc/stm32f3xx_hal_uart.h Drivers/STM32F3xx_HAL_Driver/Inc/stm32f3xx_hal_uart_ex.h | build
#  Implicit rule search has been done.
#  Implicit/static pattern stem: `usart'
#  Last modified 2022-06-04 15:49:37
#  File has been updated.
#  Successfully updated.
# variable set hash-table stats:
# Load=0/32=0%, Rehash=0, Collisions=0/0=0%
#  commands to execute (from `Makefile', line 169):
	$(CC) -c $(CFLAGS) -Wa,-a,-ad,-alms=$(BUILD_DIR)/$(notdir $(<:.c=.lst)) $< -o $@
	

Drivers/STM32F3xx_HAL_Driver/Inc/stm32f3xx_hal_uart.h:
#  Implicit rule search has been done.
#  Last modified 2022-06-04 09:13:41
#  File has been updated.
#  Successfully updated.
# variable set hash-table stats:
# Load=0/32=0%, Rehash=0, Collisions=0/0=0%

# Not a target:
Drivers/STM32F3xx_HAL_Driver/Src/stm32f3xx_hal_i2c.c:
#  Implicit rule search has not been done.
#  Modification time never checked.
#  File has not been updated.

# Not a target:
build/stm32f3xx_hal_rcc_ex.d:
#  A default, MAKEFILES, or -include/sinclude makefile.
#  Implicit rule search has been done.
#  Last modified 2022-06-04 15:49:37
#  File has been updated.
#  Successfully updated.
# variable set hash-table stats:
# Load=0/32=0%, Rehash=0, Collisions=0/0=0%

 
build/stm32f3xx_hal_msp.o: Core/Src/stm32f3xx_hal_msp.c Core/Inc/main.h Drivers/STM32F3xx_HAL_Driver/Inc/stm32f3xx_hal.h Core/Inc/stm32f3xx_hal_conf.h Drivers/STM32F3xx_HAL_Driver/Inc/stm32f3xx_hal_rcc.h Drivers/STM32F3xx_HAL_Driver/Inc/stm32f3xx_hal_def.h Drivers/CMSIS/Device/ST/STM32F3xx/Include/stm32f3xx.h Drivers/CMSIS/Device/ST/STM32F3xx/Include/stm32f334x8.h Drivers/CMSIS/Include/core_cm4.h Drivers/CMSIS/Include/cmsis_version.h Drivers/CMSIS/Include/cmsis_compiler.h Drivers/CMSIS/Include/cmsis_gcc.h Drivers/CMSIS/Device/ST/STM32F3xx/Include/system_stm32f3xx.h Drivers/STM32F3xx_HAL_Driver/Inc/Legacy/stm32_hal_legacy.h Drivers/STM32F3xx_HAL_Driver/Inc/stm32f3xx_hal_rcc_ex.h Drivers/STM32F3xx_HAL_Driver/Inc/stm32f3xx_hal_gpio.h Drivers/STM32F3xx_HAL_Driver/Inc/stm32f3xx_hal_gpio_ex.h Drivers/STM32F3xx_HAL_Driver/Inc/stm32f3xx_hal_exti.h Drivers/STM32F3xx_HAL_Driver/Inc/stm32f3xx_hal_dma.h Drivers/STM32F3xx_HAL_Driver/Inc/stm32f3xx_hal_dma_ex.h Drivers/STM32F3xx_HAL_Driver/Inc/stm32f3xx_hal_cortex.h Drivers/STM32F3xx_HAL_Driver/Inc/stm32f3xx_hal_dac.h Drivers/STM32F3xx_HAL_Driver/Inc/stm32f3xx_hal_dac_ex.h Drivers/STM32F3xx_HAL_Driver/Inc/stm32f3xx_hal_flash.h Drivers/STM32F3xx_HAL_Driver/Inc/stm32f3xx_hal_flash_ex.h Drivers/STM32F3xx_HAL_Driver/Inc/stm32f3xx_hal_i2c.h Drivers/STM32F3xx_HAL_Driver/Inc/stm32f3xx_hal_i2c_ex.h Drivers/STM32F3xx_HAL_Driver/Inc/stm32f3xx_hal_pwr.h Drivers/STM32F3xx_HAL_Driver/Inc/stm32f3xx_hal_pwr_ex.h Drivers/STM32F3xx_HAL_Driver/Inc/stm32f3xx_hal_uart.h Drivers/STM32F3xx_HAL_Driver/Inc/stm32f3xx_hal_uart_ex.h
#  Implicit rule search has not been done.
#  Modification time never checked.
#  File has not been updated.

build/stm32f3xx_hal_gpio.o: Drivers/STM32F3xx_HAL_Driver/Src/stm32f3xx_hal_gpio.c Drivers/STM32F3xx_HAL_Driver/Inc/stm32f3xx_hal.h Core/Inc/stm32f3xx_hal_conf.h Drivers/STM32F3xx_HAL_Driver/Inc/stm32f3xx_hal_rcc.h Drivers/STM32F3xx_HAL_Driver/Inc/stm32f3xx_hal_def.h Drivers/CMSIS/Device/ST/STM32F3xx/Include/stm32f3xx.h Drivers/CMSIS/Device/ST/STM32F3xx/Include/stm32f334x8.h Drivers/CMSIS/Include/core_cm4.h Drivers/CMSIS/Include/cmsis_version.h Drivers/CMSIS/Include/cmsis_compiler.h Drivers/CMSIS/Include/cmsis_gcc.h Drivers/CMSIS/Device/ST/STM32F3xx/Include/system_stm32f3xx.h Drivers/STM32F3xx_HAL_Driver/Inc/Legacy/stm32_hal_legacy.h Drivers/STM32F3xx_HAL_Driver/Inc/stm32f3xx_hal_rcc_ex.h Drivers/STM32F3xx_HAL_Driver/Inc/stm32f3xx_hal_gpio.h Drivers/STM32F3xx_HAL_Driver/Inc/stm32f3xx_hal_gpio_ex.h Drivers/STM32F3xx_HAL_Driver/Inc/stm32f3xx_hal_exti.h Drivers/STM32F3xx_HAL_Driver/Inc/stm32f3xx_hal_dma.h Drivers/STM32F3xx_HAL_Driver/Inc/stm32f3xx_hal_dma_ex.h Drivers/STM32F3xx_HAL_Driver/Inc/stm32f3xx_hal_cortex.h Drivers/STM32F3xx_HAL_Driver/Inc/stm32f3xx_hal_dac.h Drivers/STM32F3xx_HAL_Driver/Inc/stm32f3xx_hal_dac_ex.h Drivers/STM32F3xx_HAL_Driver/Inc/stm32f3xx_hal_flash.h Drivers/STM32F3xx_HAL_Driver/Inc/stm32f3xx_hal_flash_ex.h Drivers/STM32F3xx_HAL_Driver/Inc/stm32f3xx_hal_i2c.h Drivers/STM32F3xx_HAL_Driver/Inc/stm32f3xx_hal_i2c_ex.h Drivers/STM32F3xx_HAL_Driver/Inc/stm32f3xx_hal_pwr.h Drivers/STM32F3xx_HAL_Driver/Inc/stm32f3xx_hal_pwr_ex.h Drivers/STM32F3xx_HAL_Driver/Inc/stm32f3xx_hal_uart.h Drivers/STM32F3xx_HAL_Driver/Inc/stm32f3xx_hal_uart_ex.h
#  Implicit rule search has not been done.
#  Modification time never checked.
#  File has not been updated.

build/stm32f3xx_hal_flash.o: Drivers/STM32F3xx_HAL_Driver/Src/stm32f3xx_hal_flash.c Drivers/STM32F3xx_HAL_Driver/Inc/stm32f3xx_hal.h Core/Inc/stm32f3xx_hal_conf.h Drivers/STM32F3xx_HAL_Driver/Inc/stm32f3xx_hal_rcc.h Drivers/STM32F3xx_HAL_Driver/Inc/stm32f3xx_hal_def.h Drivers/CMSIS/Device/ST/STM32F3xx/Include/stm32f3xx.h Drivers/CMSIS/Device/ST/STM32F3xx/Include/stm32f334x8.h Drivers/CMSIS/Include/core_cm4.h Drivers/CMSIS/Include/cmsis_version.h Drivers/CMSIS/Include/cmsis_compiler.h Drivers/CMSIS/Include/cmsis_gcc.h Drivers/CMSIS/Device/ST/STM32F3xx/Include/system_stm32f3xx.h Drivers/STM32F3xx_HAL_Driver/Inc/Legacy/stm32_hal_legacy.h Drivers/STM32F3xx_HAL_Driver/Inc/stm32f3xx_hal_rcc_ex.h Drivers/STM32F3xx_HAL_Driver/Inc/stm32f3xx_hal_gpio.h Drivers/STM32F3xx_HAL_Driver/Inc/stm32f3xx_hal_gpio_ex.h Drivers/STM32F3xx_HAL_Driver/Inc/stm32f3xx_hal_exti.h Drivers/STM32F3xx_HAL_Driver/Inc/stm32f3xx_hal_dma.h Drivers/STM32F3xx_HAL_Driver/Inc/stm32f3xx_hal_dma_ex.h Drivers/STM32F3xx_HAL_Driver/Inc/stm32f3xx_hal_cortex.h Drivers/STM32F3xx_HAL_Driver/Inc/stm32f3xx_hal_dac.h Drivers/STM32F3xx_HAL_Driver/Inc/stm32f3xx_hal_dac_ex.h Drivers/STM32F3xx_HAL_Driver/Inc/stm32f3xx_hal_flash.h Drivers/STM32F3xx_HAL_Driver/Inc/stm32f3xx_hal_flash_ex.h Drivers/STM32F3xx_HAL_Driver/Inc/stm32f3xx_hal_i2c.h Drivers/STM32F3xx_HAL_Driver/Inc/stm32f3xx_hal_i2c_ex.h Drivers/STM32F3xx_HAL_Driver/Inc/stm32f3xx_hal_pwr.h Drivers/STM32F3xx_HAL_Driver/Inc/stm32f3xx_hal_pwr_ex.h Drivers/STM32F3xx_HAL_Driver/Inc/stm32f3xx_hal_uart.h Drivers/STM32F3xx_HAL_Driver/Inc/stm32f3xx_hal_uart_ex.h
#  Implicit rule search has not been done.
#  Modification time never checked.
#  File has not been updated.

build/stm32f3xx_hal.o: Drivers/STM32F3xx_HAL_Driver/Src/stm32f3xx_hal.c Drivers/STM32F3xx_HAL_Driver/Inc/stm32f3xx_hal.h Core/Inc/stm32f3xx_hal_conf.h Drivers/STM32F3xx_HAL_Driver/Inc/stm32f3xx_hal_rcc.h Drivers/STM32F3xx_HAL_Driver/Inc/stm32f3xx_hal_def.h Drivers/CMSIS/Device/ST/STM32F3xx/Include/stm32f3xx.h Drivers/CMSIS/Device/ST/STM32F3xx/Include/stm32f334x8.h Drivers/CMSIS/Include/core_cm4.h Drivers/CMSIS/Include/cmsis_version.h Drivers/CMSIS/Include/cmsis_compiler.h Drivers/CMSIS/Include/cmsis_gcc.h Drivers/CMSIS/Device/ST/STM32F3xx/Include/system_stm32f3xx.h Drivers/STM32F3xx_HAL_Driver/Inc/Legacy/stm32_hal_legacy.h Drivers/STM32F3xx_HAL_Driver/Inc/stm32f3xx_hal_rcc_ex.h Drivers/STM32F3xx_HAL_Driver/Inc/stm32f3xx_hal_gpio.h Drivers/STM32F3xx_HAL_Driver/Inc/stm32f3xx_hal_gpio_ex.h Drivers/STM32F3xx_HAL_Driver/Inc/stm32f3xx_hal_exti.h Drivers/STM32F3xx_HAL_Driver/Inc/stm32f3xx_hal_dma.h Drivers/STM32F3xx_HAL_Driver/Inc/stm32f3xx_hal_dma_ex.h Drivers/STM32F3xx_HAL_Driver/Inc/stm32f3xx_hal_cortex.h Drivers/STM32F3xx_HAL_Driver/Inc/stm32f3xx_hal_dac.h Drivers/STM32F3xx_HAL_Driver/Inc/stm32f3xx_hal_dac_ex.h Drivers/STM32F3xx_HAL_Driver/Inc/stm32f3xx_hal_flash.h Drivers/STM32F3xx_HAL_Driver/Inc/stm32f3xx_hal_flash_ex.h Drivers/STM32F3xx_HAL_Driver/Inc/stm32f3xx_hal_i2c.h Drivers/STM32F3xx_HAL_Driver/Inc/stm32f3xx_hal_i2c_ex.h Drivers/STM32F3xx_HAL_Driver/Inc/stm32f3xx_hal_pwr.h Drivers/STM32F3xx_HAL_Driver/Inc/stm32f3xx_hal_pwr_ex.h Drivers/STM32F3xx_HAL_Driver/Inc/stm32f3xx_hal_uart.h Drivers/STM32F3xx_HAL_Driver/Inc/stm32f3xx_hal_uart_ex.h
#  Implicit rule search has not been done.
#  Modification time never checked.
#  File has not been updated.

# Not a target:
build/stm32f3xx_hal_i2c.d:
#  A default, MAKEFILES, or -include/sinclude makefile.
#  Implicit rule search has been done.
#  Last modified 2022-06-04 15:47:39
#  File has been updated.
#  Successfully updated.
# variable set hash-table stats:
# Load=0/32=0%, Rehash=0, Collisions=0/0=0%

# Not a target:
Drivers/STM32F3xx_HAL_Driver/Src/stm32f3xx_hal_uart.c:
#  Implicit rule search has not been done.
#  Modification time never checked.
#  File has not been updated.

Drivers/STM32F3xx_HAL_Driver/Inc/stm32f3xx_hal_dac.h:
#  Implicit rule search has been done.
#  Last modified 2022-06-04 09:13:41
#  File has been updated.
#  Successfully updated.
# variable set hash-table stats:
# Load=0/32=0%, Rehash=0, Collisions=0/0=0%

 
build/stm32f3xx_hal_rcc.o: Drivers/STM32F3xx_HAL_Driver/Src/stm32f3xx_hal_rcc.c Drivers/STM32F3xx_HAL_Driver/Inc/stm32f3xx_hal.h Core/Inc/stm32f3xx_hal_conf.h Drivers/STM32F3xx_HAL_Driver/Inc/stm32f3xx_hal_rcc.h Drivers/STM32F3xx_HAL_Driver/Inc/stm32f3xx_hal_def.h Drivers/CMSIS/Device/ST/STM32F3xx/Include/stm32f3xx.h Drivers/CMSIS/Device/ST/STM32F3xx/Include/stm32f334x8.h Drivers/CMSIS/Include/core_cm4.h Drivers/CMSIS/Include/cmsis_version.h Drivers/CMSIS/Include/cmsis_compiler.h Drivers/CMSIS/Include/cmsis_gcc.h Drivers/CMSIS/Device/ST/STM32F3xx/Include/system_stm32f3xx.h Drivers/STM32F3xx_HAL_Driver/Inc/Legacy/stm32_hal_legacy.h Drivers/STM32F3xx_HAL_Driver/Inc/stm32f3xx_hal_rcc_ex.h Drivers/STM32F3xx_HAL_Driver/Inc/stm32f3xx_hal_gpio.h Drivers/STM32F3xx_HAL_Driver/Inc/stm32f3xx_hal_gpio_ex.h Drivers/STM32F3xx_HAL_Driver/Inc/stm32f3xx_hal_exti.h Drivers/STM32F3xx_HAL_Driver/Inc/stm32f3xx_hal_dma.h Drivers/STM32F3xx_HAL_Driver/Inc/stm32f3xx_hal_dma_ex.h Drivers/STM32F3xx_HAL_Driver/Inc/stm32f3xx_hal_cortex.h Drivers/STM32F3xx_HAL_Driver/Inc/stm32f3xx_hal_dac.h Drivers/STM32F3xx_HAL_Driver/Inc/stm32f3xx_hal_dac_ex.h Drivers/STM32F3xx_HAL_Driver/Inc/stm32f3xx_hal_flash.h Drivers/STM32F3xx_HAL_Driver/Inc/stm32f3xx_hal_flash_ex.h Drivers/STM32F3xx_HAL_Driver/Inc/stm32f3xx_hal_i2c.h Drivers/STM32F3xx_HAL_Driver/Inc/stm32f3xx_hal_i2c_ex.h Drivers/STM32F3xx_HAL_Driver/Inc/stm32f3xx_hal_pwr.h Drivers/STM32F3xx_HAL_Driver/Inc/stm32f3xx_hal_pwr_ex.h Drivers/STM32F3xx_HAL_Driver/Inc/stm32f3xx_hal_uart.h Drivers/STM32F3xx_HAL_Driver/Inc/stm32f3xx_hal_uart_ex.h
#  Implicit rule search has not been done.
#  Modification time never checked.
#  File has not been updated.

# Not a target:
.SUFFIXES:
#  Implicit rule search has not been done.
#  Modification time never checked.
#  File has not been updated.

Drivers/CMSIS/Device/ST/STM32F3xx/Include/system_stm32f3xx.h:
#  Implicit rule search has been done.
#  Last modified 2022-06-04 09:13:41
#  File has been updated.
#  Successfully updated.
# variable set hash-table stats:
# Load=0/32=0%, Rehash=0, Collisions=0/0=0%

# Not a target:
build/stm32f3xx_hal_uart.d:
#  A default, MAKEFILES, or -include/sinclude makefile.
#  Implicit rule search has been done.
#  Last modified 2022-06-04 15:47:39
#  File has been updated.
#  Successfully updated.
# variable set hash-table stats:
# Load=0/32=0%, Rehash=0, Collisions=0/0=0%

# Not a target:
Makefile:
#  Implicit rule search has been done.
#  Last modified 2022-06-04 15:49:34
#  File has been updated.
#  Successfully updated.
# variable set hash-table stats:
# Load=0/32=0%, Rehash=0, Collisions=0/0=0%

Drivers/CMSIS/Include/cmsis_compiler.h:
#  Implicit rule search has been done.
#  Last modified 2022-06-04 09:13:41
#  File has been updated.
#  Successfully updated.
# variable set hash-table stats:
# Load=0/32=0%, Rehash=0, Collisions=0/0=0%

# Not a target:
Drivers/STM32F3xx_HAL_Driver/Src/stm32f3xx_hal_dac.c:
#  Implicit rule search has not been done.
#  Modification time never checked.
#  File has not been updated.

build/stm32f3xx_hal_exti.o: Drivers/STM32F3xx_HAL_Driver/Src/stm32f3xx_hal_exti.c Drivers/STM32F3xx_HAL_Driver/Inc/stm32f3xx_hal.h Core/Inc/stm32f3xx_hal_conf.h Drivers/STM32F3xx_HAL_Driver/Inc/stm32f3xx_hal_rcc.h Drivers/STM32F3xx_HAL_Driver/Inc/stm32f3xx_hal_def.h Drivers/CMSIS/Device/ST/STM32F3xx/Include/stm32f3xx.h Drivers/CMSIS/Device/ST/STM32F3xx/Include/stm32f334x8.h Drivers/CMSIS/Include/core_cm4.h Drivers/CMSIS/Include/cmsis_version.h Drivers/CMSIS/Include/cmsis_compiler.h Drivers/CMSIS/Include/cmsis_gcc.h Drivers/CMSIS/Device/ST/STM32F3xx/Include/system_stm32f3xx.h Drivers/STM32F3xx_HAL_Driver/Inc/Legacy/stm32_hal_legacy.h Drivers/STM32F3xx_HAL_Driver/Inc/stm32f3xx_hal_rcc_ex.h Drivers/STM32F3xx_HAL_Driver/Inc/stm32f3xx_hal_gpio.h Drivers/STM32F3xx_HAL_Driver/Inc/stm32f3xx_hal_gpio_ex.h Drivers/STM32F3xx_HAL_Driver/Inc/stm32f3xx_hal_exti.h Drivers/STM32F3xx_HAL_Driver/Inc/stm32f3xx_hal_dma.h Drivers/STM32F3xx_HAL_Driver/Inc/stm32f3xx_hal_dma_ex.h Drivers/STM32F3xx_HAL_Driver/Inc/stm32f3xx_hal_cortex.h Drivers/STM32F3xx_HAL_Driver/Inc/stm32f3xx_hal_dac.h Drivers/STM32F3xx_HAL_Driver/Inc/stm32f3xx_hal_dac_ex.h Drivers/STM32F3xx_HAL_Driver/Inc/stm32f3xx_hal_flash.h Drivers/STM32F3xx_HAL_Driver/Inc/stm32f3xx_hal_flash_ex.h Drivers/STM32F3xx_HAL_Driver/Inc/stm32f3xx_hal_i2c.h Drivers/STM32F3xx_HAL_Driver/Inc/stm32f3xx_hal_i2c_ex.h Drivers/STM32F3xx_HAL_Driver/Inc/stm32f3xx_hal_pwr.h Drivers/STM32F3xx_HAL_Driver/Inc/stm32f3xx_hal_pwr_ex.h Drivers/STM32F3xx_HAL_Driver/Inc/stm32f3xx_hal_uart.h Drivers/STM32F3xx_HAL_Driver/Inc/stm32f3xx_hal_uart_ex.h
#  Implicit rule search has not been done.
#  Modification time never checked.
#  File has not been updated.

Drivers/STM32F3xx_HAL_Driver/Inc/stm32f3xx_hal_i2c_ex.h:
#  Implicit rule search has been done.
#  Last modified 2022-06-04 09:13:41
#  File has been updated.
#  Successfully updated.
# variable set hash-table stats:
# Load=0/32=0%, Rehash=0, Collisions=0/0=0%

Core/Inc/user.h:
#  Implicit rule search has been done.
#  Last modified 2022-06-04 15:44:57
#  File has been updated.
#  Successfully updated.
# variable set hash-table stats:
# Load=0/32=0%, Rehash=0, Collisions=0/0=0%

Drivers/STM32F3xx_HAL_Driver/Inc/stm32f3xx_hal_pwr.h:
#  Implicit rule search has been done.
#  Last modified 2022-06-04 09:13:41
#  File has been updated.
#  Successfully updated.
# variable set hash-table stats:
# Load=0/32=0%, Rehash=0, Collisions=0/0=0%

build/gpio.o: Core/Src/gpio.c Makefile Core/Src/gpio.c Core/Inc/gpio.h Core/Inc/main.h Drivers/STM32F3xx_HAL_Driver/Inc/stm32f3xx_hal.h Core/Inc/stm32f3xx_hal_conf.h Drivers/STM32F3xx_HAL_Driver/Inc/stm32f3xx_hal_rcc.h Drivers/STM32F3xx_HAL_Driver/Inc/stm32f3xx_hal_def.h Drivers/CMSIS/Device/ST/STM32F3xx/Include/stm32f3xx.h Drivers/CMSIS/Device/ST/STM32F3xx/Include/stm32f334x8.h Drivers/CMSIS/Include/core_cm4.h Drivers/CMSIS/Include/cmsis_version.h Drivers/CMSIS/Include/cmsis_compiler.h Drivers/CMSIS/Include/cmsis_gcc.h Drivers/CMSIS/Device/ST/STM32F3xx/Include/system_stm32f3xx.h Drivers/STM32F3xx_HAL_Driver/Inc/Legacy/stm32_hal_legacy.h Drivers/STM32F3xx_HAL_Driver/Inc/stm32f3xx_hal_rcc_ex.h Drivers/STM32F3xx_HAL_Driver/Inc/stm32f3xx_hal_gpio.h Drivers/STM32F3xx_HAL_Driver/Inc/stm32f3xx_hal_gpio_ex.h Drivers/STM32F3xx_HAL_Driver/Inc/stm32f3xx_hal_exti.h Drivers/STM32F3xx_HAL_Driver/Inc/stm32f3xx_hal_dma.h Drivers/STM32F3xx_HAL_Driver/Inc/stm32f3xx_hal_dma_ex.h Drivers/STM32F3xx_HAL_Driver/Inc/stm32f3xx_hal_cortex.h Drivers/STM32F3xx_HAL_Driver/Inc/stm32f3xx_hal_dac.h Drivers/STM32F3xx_HAL_Driver/Inc/stm32f3xx_hal_dac_ex.h Drivers/STM32F3xx_HAL_Driver/Inc/stm32f3xx_hal_flash.h Drivers/STM32F3xx_HAL_Driver/Inc/stm32f3xx_hal_flash_ex.h Drivers/STM32F3xx_HAL_Driver/Inc/stm32f3xx_hal_i2c.h Drivers/STM32F3xx_HAL_Driver/Inc/stm32f3xx_hal_i2c_ex.h Drivers/STM32F3xx_HAL_Driver/Inc/stm32f3xx_hal_pwr.h Drivers/STM32F3xx_HAL_Driver/Inc/stm32f3xx_hal_pwr_ex.h Drivers/STM32F3xx_HAL_Driver/Inc/stm32f3xx_hal_uart.h Drivers/STM32F3xx_HAL_Driver/Inc/stm32f3xx_hal_uart_ex.h | build
#  Implicit rule search has been done.
#  Implicit/static pattern stem: `gpio'
#  Last modified 2022-06-04 15:49:37
#  File has been updated.
#  Successfully updated.
# variable set hash-table stats:
# Load=0/32=0%, Rehash=0, Collisions=0/0=0%
#  commands to execute (from `Makefile', line 169):
	$(CC) -c $(CFLAGS) -Wa,-a,-ad,-alms=$(BUILD_DIR)/$(notdir $(<:.c=.lst)) $< -o $@
	

# Not a target:
Drivers/STM32F3xx_HAL_Driver/Src/stm32f3xx_hal_tim.c:
#  Implicit rule search has not been done.
#  Modification time never checked.
#  File has not been updated.

# Not a target:
build/stm32f3xx_hal_dac.d:
#  A default, MAKEFILES, or -include/sinclude makefile.
#  Implicit rule search has been done.
#  Last modified 2022-06-04 15:49:36
#  File has been updated.
#  Successfully updated.
# variable set hash-table stats:
# Load=0/32=0%, Rehash=0, Collisions=0/0=0%

build:
#  Implicit rule search has not been done.
#  Last modified 2022-06-04 15:49:37
#  File has been updated.
#  Successfully updated.
#  commands to execute (from `Makefile', line 185):
	mkdir $@		
	

 
Drivers/STM32F3xx_HAL_Driver/Inc/stm32f3xx_hal_uart_ex.h:
#  Implicit rule search has been done.
#  Last modified 2022-06-04 09:13:41
#  File has been updated.
#  Successfully updated.
# variable set hash-table stats:
# Load=0/32=0%, Rehash=0, Collisions=0/0=0%

build/startup_stm32f334x8.o: startup_stm32f334x8.s
#  Implicit rule search has not been done.
#  Modification time never checked.
#  File has not been updated.

# Not a target:
Drivers/STM32F3xx_HAL_Driver/Src/stm32f3xx_hal_i2c_ex.c:
#  Implicit rule search has not been done.
#  Modification time never checked.
#  File has not been updated.

build/system_stm32f3xx.o: Core/Src/system_stm32f3xx.c Drivers/CMSIS/Device/ST/STM32F3xx/Include/stm32f3xx.h Drivers/CMSIS/Device/ST/STM32F3xx/Include/stm32f334x8.h Drivers/CMSIS/Include/core_cm4.h Drivers/CMSIS/Include/cmsis_version.h Drivers/CMSIS/Include/cmsis_compiler.h Drivers/CMSIS/Include/cmsis_gcc.h Drivers/CMSIS/Device/ST/STM32F3xx/Include/system_stm32f3xx.h Drivers/STM32F3xx_HAL_Driver/Inc/stm32f3xx_hal.h Core/Inc/stm32f3xx_hal_conf.h Drivers/STM32F3xx_HAL_Driver/Inc/stm32f3xx_hal_rcc.h Drivers/STM32F3xx_HAL_Driver/Inc/stm32f3xx_hal_def.h Drivers/STM32F3xx_HAL_Driver/Inc/Legacy/stm32_hal_legacy.h Drivers/STM32F3xx_HAL_Driver/Inc/stm32f3xx_hal_rcc_ex.h Drivers/STM32F3xx_HAL_Driver/Inc/stm32f3xx_hal_gpio.h Drivers/STM32F3xx_HAL_Driver/Inc/stm32f3xx_hal_gpio_ex.h Drivers/STM32F3xx_HAL_Driver/Inc/stm32f3xx_hal_exti.h Drivers/STM32F3xx_HAL_Driver/Inc/stm32f3xx_hal_dma.h Drivers/STM32F3xx_HAL_Driver/Inc/stm32f3xx_hal_dma_ex.h Drivers/STM32F3xx_HAL_Driver/Inc/stm32f3xx_hal_cortex.h Drivers/STM32F3xx_HAL_Driver/Inc/stm32f3xx_hal_dac.h Drivers/STM32F3xx_HAL_Driver/Inc/stm32f3xx_hal_dac_ex.h Drivers/STM32F3xx_HAL_Driver/Inc/stm32f3xx_hal_flash.h Drivers/STM32F3xx_HAL_Driver/Inc/stm32f3xx_hal_flash_ex.h Drivers/STM32F3xx_HAL_Driver/Inc/stm32f3xx_hal_i2c.h Drivers/STM32F3xx_HAL_Driver/Inc/stm32f3xx_hal_i2c_ex.h Drivers/STM32F3xx_HAL_Driver/Inc/stm32f3xx_hal_pwr.h Drivers/STM32F3xx_HAL_Driver/Inc/stm32f3xx_hal_pwr_ex.h Drivers/STM32F3xx_HAL_Driver/Inc/stm32f3xx_hal_uart.h Drivers/STM32F3xx_HAL_Driver/Inc/stm32f3xx_hal_uart_ex.h
#  Implicit rule search has not been done.
#  Modification time never checked.
#  File has not been updated.

build/stm32f3xx_it.o: Core/Src/stm32f3xx_it.c Core/Inc/main.h Drivers/STM32F3xx_HAL_Driver/Inc/stm32f3xx_hal.h Core/Inc/stm32f3xx_hal_conf.h Drivers/STM32F3xx_HAL_Driver/Inc/stm32f3xx_hal_rcc.h Drivers/STM32F3xx_HAL_Driver/Inc/stm32f3xx_hal_def.h Drivers/CMSIS/Device/ST/STM32F3xx/Include/stm32f3xx.h Drivers/CMSIS/Device/ST/STM32F3xx/Include/stm32f334x8.h Drivers/CMSIS/Include/core_cm4.h Drivers/CMSIS/Include/cmsis_version.h Drivers/CMSIS/Include/cmsis_compiler.h Drivers/CMSIS/Include/cmsis_gcc.h Drivers/CMSIS/Device/ST/STM32F3xx/Include/system_stm32f3xx.h Drivers/STM32F3xx_HAL_Driver/Inc/Legacy/stm32_hal_legacy.h Drivers/STM32F3xx_HAL_Driver/Inc/stm32f3xx_hal_rcc_ex.h Drivers/STM32F3xx_HAL_Driver/Inc/stm32f3xx_hal_gpio.h Drivers/STM32F3xx_HAL_Driver/Inc/stm32f3xx_hal_gpio_ex.h Drivers/STM32F3xx_HAL_Driver/Inc/stm32f3xx_hal_exti.h Drivers/STM32F3xx_HAL_Driver/Inc/stm32f3xx_hal_dma.h Drivers/STM32F3xx_HAL_Driver/Inc/stm32f3xx_hal_dma_ex.h Drivers/STM32F3xx_HAL_Driver/Inc/stm32f3xx_hal_cortex.h Drivers/STM32F3xx_HAL_Driver/Inc/stm32f3xx_hal_dac.h Drivers/STM32F3xx_HAL_Driver/Inc/stm32f3xx_hal_dac_ex.h Drivers/STM32F3xx_HAL_Driver/Inc/stm32f3xx_hal_flash.h Drivers/STM32F3xx_HAL_Driver/Inc/stm32f3xx_hal_flash_ex.h Drivers/STM32F3xx_HAL_Driver/Inc/stm32f3xx_hal_i2c.h Drivers/STM32F3xx_HAL_Driver/Inc/stm32f3xx_hal_i2c_ex.h Drivers/STM32F3xx_HAL_Driver/Inc/stm32f3xx_hal_pwr.h Drivers/STM32F3xx_HAL_Driver/Inc/stm32f3xx_hal_pwr_ex.h Drivers/STM32F3xx_HAL_Driver/Inc/stm32f3xx_hal_uart.h Drivers/STM32F3xx_HAL_Driver/Inc/stm32f3xx_hal_uart_ex.h Core/Inc/stm32f3xx_it.h
#  Implicit rule search has not been done.
#  Modification time never checked.
#  File has not been updated.

# Not a target:
build/stm32f3xx_hal_tim.d:
#  A default, MAKEFILES, or -include/sinclude makefile.
#  Implicit rule search has been done.
#  Last modified 2022-06-04 15:47:38
#  File has been updated.
#  Successfully updated.
# variable set hash-table stats:
# Load=0/32=0%, Rehash=0, Collisions=0/0=0%

# Not a target:
Core/Src/user.c:
#  Implicit rule search has been done.
#  Last modified 2022-06-04 15:45:32
#  File has been updated.
#  Successfully updated.
# variable set hash-table stats:
# Load=0/32=0%, Rehash=0, Collisions=0/0=0%

# Not a target:
Drivers/STM32F3xx_HAL_Driver/Src/stm32f3xx_hal_pwr.c:
#  Implicit rule search has not been done.
#  Modification time never checked.
#  File has not been updated.

Core/Inc/stm32f3xx_hal_conf.h:
#  Implicit rule search has been done.
#  Last modified 2022-06-04 09:13:40
#  File has been updated.
#  Successfully updated.
# variable set hash-table stats:
# Load=0/32=0%, Rehash=0, Collisions=0/0=0%

# Not a target:
build/stm32f3xx_hal_i2c_ex.d:
#  A default, MAKEFILES, or -include/sinclude makefile.
#  Implicit rule search has been done.
#  Last modified 2022-06-04 15:47:38
#  File has been updated.
#  Successfully updated.
# variable set hash-table stats:
# Load=0/32=0%, Rehash=0, Collisions=0/0=0%

# Not a target:
Drivers/STM32F3xx_HAL_Driver/Src/stm32f3xx_hal_uart_ex.c:
#  Implicit rule search has not been done.
#  Modification time never checked.
#  File has not been updated.

Drivers/STM32F3xx_HAL_Driver/Inc/stm32f3xx_hal_dac_ex.h:
#  Implicit rule search has been done.
#  Last modified 2022-06-04 09:13:41
#  File has been updated.
#  Successfully updated.
# variable set hash-table stats:
# Load=0/32=0%, Rehash=0, Collisions=0/0=0%

build/stm32f3xx_hal_rcc_ex.o: Drivers/STM32F3xx_HAL_Driver/Src/stm32f3xx_hal_rcc_ex.c Drivers/STM32F3xx_HAL_Driver/Inc/stm32f3xx_hal.h Core/Inc/stm32f3xx_hal_conf.h Drivers/STM32F3xx_HAL_Driver/Inc/stm32f3xx_hal_rcc.h Drivers/STM32F3xx_HAL_Driver/Inc/stm32f3xx_hal_def.h Drivers/CMSIS/Device/ST/STM32F3xx/Include/stm32f3xx.h Drivers/CMSIS/Device/ST/STM32F3xx/Include/stm32f334x8.h Drivers/CMSIS/Include/core_cm4.h Drivers/CMSIS/Include/cmsis_version.h Drivers/CMSIS/Include/cmsis_compiler.h Drivers/CMSIS/Include/cmsis_gcc.h Drivers/CMSIS/Device/ST/STM32F3xx/Include/system_stm32f3xx.h Drivers/STM32F3xx_HAL_Driver/Inc/Legacy/stm32_hal_legacy.h Drivers/STM32F3xx_HAL_Driver/Inc/stm32f3xx_hal_rcc_ex.h Drivers/STM32F3xx_HAL_Driver/Inc/stm32f3xx_hal_gpio.h Drivers/STM32F3xx_HAL_Driver/Inc/stm32f3xx_hal_gpio_ex.h Drivers/STM32F3xx_HAL_Driver/Inc/stm32f3xx_hal_exti.h Drivers/STM32F3xx_HAL_Driver/Inc/stm32f3xx_hal_dma.h Drivers/STM32F3xx_HAL_Driver/Inc/stm32f3xx_hal_dma_ex.h Drivers/STM32F3xx_HAL_Driver/Inc/stm32f3xx_hal_cortex.h Drivers/STM32F3xx_HAL_Driver/Inc/stm32f3xx_hal_dac.h Drivers/STM32F3xx_HAL_Driver/Inc/stm32f3xx_hal_dac_ex.h Drivers/STM32F3xx_HAL_Driver/Inc/stm32f3xx_hal_flash.h Drivers/STM32F3xx_HAL_Driver/Inc/stm32f3xx_hal_flash_ex.h Drivers/STM32F3xx_HAL_Driver/Inc/stm32f3xx_hal_i2c.h Drivers/STM32F3xx_HAL_Driver/Inc/stm32f3xx_hal_i2c_ex.h Drivers/STM32F3xx_HAL_Driver/Inc/stm32f3xx_hal_pwr.h Drivers/STM32F3xx_HAL_Driver/Inc/stm32f3xx_hal_pwr_ex.h Drivers/STM32F3xx_HAL_Driver/Inc/stm32f3xx_hal_uart.h Drivers/STM32F3xx_HAL_Driver/Inc/stm32f3xx_hal_uart_ex.h
#  Implicit rule search has not been done.
#  Modification time never checked.
#  File has not been updated.

# Not a target:
build/stm32f3xx_hal_pwr.d:
#  A default, MAKEFILES, or -include/sinclude makefile.
#  Implicit rule search has been done.
#  Last modified 2022-06-04 15:47:38
#  File has been updated.
#  Successfully updated.
# variable set hash-table stats:
# Load=0/32=0%, Rehash=0, Collisions=0/0=0%

Drivers/STM32F3xx_HAL_Driver/Inc/stm32f3xx_hal_dma.h:
#  Implicit rule search has been done.
#  Last modified 2022-06-04 09:13:41
#  File has been updated.
#  Successfully updated.
# variable set hash-table stats:
# Load=0/32=0%, Rehash=0, Collisions=0/0=0%

# Not a target:
build/stm32f3xx_hal_uart_ex.d:
#  A default, MAKEFILES, or -include/sinclude makefile.
#  Implicit rule search has been done.
#  Last modified 2022-06-04 15:47:38
#  File has been updated.
#  Successfully updated.
# variable set hash-table stats:
 
# Load=0/32=0%, Rehash=0, Collisions=0/0=0%

# Not a target:
Drivers/STM32F3xx_HAL_Driver/Src/stm32f3xx_hal_dac_ex.c:
#  Implicit rule search has not been done.
#  Modification time never checked.
#  File has not been updated.

build/stm32f3xx_hal_i2c.o: Drivers/STM32F3xx_HAL_Driver/Src/stm32f3xx_hal_i2c.c Drivers/STM32F3xx_HAL_Driver/Inc/stm32f3xx_hal.h Core/Inc/stm32f3xx_hal_conf.h Drivers/STM32F3xx_HAL_Driver/Inc/stm32f3xx_hal_rcc.h Drivers/STM32F3xx_HAL_Driver/Inc/stm32f3xx_hal_def.h Drivers/CMSIS/Device/ST/STM32F3xx/Include/stm32f3xx.h Drivers/CMSIS/Device/ST/STM32F3xx/Include/stm32f334x8.h Drivers/CMSIS/Include/core_cm4.h Drivers/CMSIS/Include/cmsis_version.h Drivers/CMSIS/Include/cmsis_compiler.h Drivers/CMSIS/Include/cmsis_gcc.h Drivers/CMSIS/Device/ST/STM32F3xx/Include/system_stm32f3xx.h Drivers/STM32F3xx_HAL_Driver/Inc/Legacy/stm32_hal_legacy.h Drivers/STM32F3xx_HAL_Driver/Inc/stm32f3xx_hal_rcc_ex.h Drivers/STM32F3xx_HAL_Driver/Inc/stm32f3xx_hal_gpio.h Drivers/STM32F3xx_HAL_Driver/Inc/stm32f3xx_hal_gpio_ex.h Drivers/STM32F3xx_HAL_Driver/Inc/stm32f3xx_hal_exti.h Drivers/STM32F3xx_HAL_Driver/Inc/stm32f3xx_hal_dma.h Drivers/STM32F3xx_HAL_Driver/Inc/stm32f3xx_hal_dma_ex.h Drivers/STM32F3xx_HAL_Driver/Inc/stm32f3xx_hal_cortex.h Drivers/STM32F3xx_HAL_Driver/Inc/stm32f3xx_hal_dac.h Drivers/STM32F3xx_HAL_Driver/Inc/stm32f3xx_hal_dac_ex.h Drivers/STM32F3xx_HAL_Driver/Inc/stm32f3xx_hal_flash.h Drivers/STM32F3xx_HAL_Driver/Inc/stm32f3xx_hal_flash_ex.h Drivers/STM32F3xx_HAL_Driver/Inc/stm32f3xx_hal_i2c.h Drivers/STM32F3xx_HAL_Driver/Inc/stm32f3xx_hal_i2c_ex.h Drivers/STM32F3xx_HAL_Driver/Inc/stm32f3xx_hal_pwr.h Drivers/STM32F3xx_HAL_Driver/Inc/stm32f3xx_hal_pwr_ex.h Drivers/STM32F3xx_HAL_Driver/Inc/stm32f3xx_hal_uart.h Drivers/STM32F3xx_HAL_Driver/Inc/stm32f3xx_hal_uart_ex.h
#  Implicit rule search has not been done.
#  Modification time never checked.
#  File has not been updated.

# Not a target:
Drivers/STM32F3xx_HAL_Driver/Src/stm32f3xx_hal_flash.c:
#  Implicit rule search has not been done.
#  Modification time never checked.
#  File has not been updated.

# Not a target:
build/system_stm32f3xx.d:
#  A default, MAKEFILES, or -include/sinclude makefile.
#  Implicit rule search has been done.
#  Last modified 2022-06-04 15:47:38
#  File has been updated.
#  Successfully updated.
# variable set hash-table stats:
# Load=0/32=0%, Rehash=0, Collisions=0/0=0%

# Not a target:
Core/Src/system_stm32f3xx.c:
#  Implicit rule search has not been done.
#  Modification time never checked.
#  File has not been updated.

# Not a target:
Drivers/STM32F3xx_HAL_Driver/Src/stm32f3xx_hal_dma.c:
#  Implicit rule search has not been done.
#  Modification time never checked.
#  File has not been updated.

Drivers/STM32F3xx_HAL_Driver/Inc/stm32f3xx_hal_pwr_ex.h:
#  Implicit rule search has been done.
#  Last modified 2022-06-04 09:13:41
#  File has been updated.
#  Successfully updated.
# variable set hash-table stats:
# Load=0/32=0%, Rehash=0, Collisions=0/0=0%

# Not a target:
Drivers/STM32F3xx_HAL_Driver/Src/stm32f3xx_hal_tim_ex.c:
#  Implicit rule search has not been done.
#  Modification time never checked.
#  File has not been updated.

build/stm32f3xx_hal_uart.o: Drivers/STM32F3xx_HAL_Driver/Src/stm32f3xx_hal_uart.c Drivers/STM32F3xx_HAL_Driver/Inc/stm32f3xx_hal.h Core/Inc/stm32f3xx_hal_conf.h Drivers/STM32F3xx_HAL_Driver/Inc/stm32f3xx_hal_rcc.h Drivers/STM32F3xx_HAL_Driver/Inc/stm32f3xx_hal_def.h Drivers/CMSIS/Device/ST/STM32F3xx/Include/stm32f3xx.h Drivers/CMSIS/Device/ST/STM32F3xx/Include/stm32f334x8.h Drivers/CMSIS/Include/core_cm4.h Drivers/CMSIS/Include/cmsis_version.h Drivers/CMSIS/Include/cmsis_compiler.h Drivers/CMSIS/Include/cmsis_gcc.h Drivers/CMSIS/Device/ST/STM32F3xx/Include/system_stm32f3xx.h Drivers/STM32F3xx_HAL_Driver/Inc/Legacy/stm32_hal_legacy.h Drivers/STM32F3xx_HAL_Driver/Inc/stm32f3xx_hal_rcc_ex.h Drivers/STM32F3xx_HAL_Driver/Inc/stm32f3xx_hal_gpio.h Drivers/STM32F3xx_HAL_Driver/Inc/stm32f3xx_hal_gpio_ex.h Drivers/STM32F3xx_HAL_Driver/Inc/stm32f3xx_hal_exti.h Drivers/STM32F3xx_HAL_Driver/Inc/stm32f3xx_hal_dma.h Drivers/STM32F3xx_HAL_Driver/Inc/stm32f3xx_hal_dma_ex.h Drivers/STM32F3xx_HAL_Driver/Inc/stm32f3xx_hal_cortex.h Drivers/STM32F3xx_HAL_Driver/Inc/stm32f3xx_hal_dac.h Drivers/STM32F3xx_HAL_Driver/Inc/stm32f3xx_hal_dac_ex.h Drivers/STM32F3xx_HAL_Driver/Inc/stm32f3xx_hal_flash.h Drivers/STM32F3xx_HAL_Driver/Inc/stm32f3xx_hal_flash_ex.h Drivers/STM32F3xx_HAL_Driver/Inc/stm32f3xx_hal_i2c.h Drivers/STM32F3xx_HAL_Driver/Inc/stm32f3xx_hal_i2c_ex.h Drivers/STM32F3xx_HAL_Driver/Inc/stm32f3xx_hal_pwr.h Drivers/STM32F3xx_HAL_Driver/Inc/stm32f3xx_hal_pwr_ex.h Drivers/STM32F3xx_HAL_Driver/Inc/stm32f3xx_hal_uart.h Drivers/STM32F3xx_HAL_Driver/Inc/stm32f3xx_hal_uart_ex.h
#  Implicit rule search has not been done.
#  Modification time never checked.
#  File has not been updated.

# Not a target:
build/stm32f3xx_hal_dac_ex.d:
#  A default, MAKEFILES, or -include/sinclude makefile.
#  Implicit rule search has been done.
#  Last modified 2022-06-04 15:49:37
#  File has been updated.
#  Successfully updated.
# variable set hash-table stats:
# Load=0/32=0%, Rehash=0, Collisions=0/0=0%

# Not a target:
.DEFAULT:
#  Implicit rule search has not been done.
#  Modification time never checked.
#  File has not been updated.

# Not a target:
build/stm32f3xx_hal_dma.d:
#  A default, MAKEFILES, or -include/sinclude makefile.
#  Implicit rule search has been done.
#  Last modified 2022-06-04 15:49:37
#  File has been updated.
#  Successfully updated.
# variable set hash-table stats:
# Load=0/32=0%, Rehash=0, Collisions=0/0=0%

Drivers/STM32F3xx_HAL_Driver/Inc/stm32f3xx_hal_cortex.h:
#  Implicit rule search has been done.
#  Last modified 2022-06-04 09:13:41
#  File has been updated.
#  Successfully updated.
# variable set hash-table stats:
# Load=0/32=0%, Rehash=0, Collisions=0/0=0%

# Not a target:
build/stm32f3xx_hal_tim_ex.d:
#  A default, MAKEFILES, or -include/sinclude makefile.
#  Implicit rule search has been done.
#  Last modified 2022-06-04 15:47:38
#  File has been updated.
#  Successfully updated.
# variable set hash-table stats:
# Load=0/32=0%, Rehash=0, Collisions=0/0=0%

# Not a target:
Drivers/STM32F3xx_HAL_Driver/Src/stm32f3xx_hal_pwr_ex.c:
#  Implicit rule search has not been done.
#  Modification time never checked.
#  File has not been updated.

build/stm32f3xx_hal_dac.o: Drivers/STM32F3xx_HAL_Driver/Src/stm32f3xx_hal_dac.c Drivers/STM32F3xx_HAL_Driver/Inc/stm32f3xx_hal.h Core/Inc/stm32f3xx_hal_conf.h Drivers/STM32F3xx_HAL_Driver/Inc/stm32f3xx_hal_rcc.h Drivers/STM32F3xx_HAL_Driver/Inc/stm32f3xx_hal_def.h Drivers/CMSIS/Device/ST/STM32F3xx/Include/stm32f3xx.h Drivers/CMSIS/Device/ST/STM32F3xx/Include/stm32f334x8.h Drivers/CMSIS/Include/core_cm4.h Drivers/CMSIS/Include/cmsis_version.h Drivers/CMSIS/Include/cmsis_compiler.h Drivers/CMSIS/Include/cmsis_gcc.h Drivers/CMSIS/Device/ST/STM32F3xx/Include/system_stm32f3xx.h Drivers/STM32F3xx_HAL_Driver/Inc/Legacy/stm32_hal_legacy.h Drivers/STM32F3xx_HAL_Driver/Inc/stm32f3xx_hal_rcc_ex.h Drivers/STM32F3xx_HAL_Driver/Inc/stm32f3xx_hal_gpio.h Drivers/STM32F3xx_HAL_Driver/Inc/stm32f3xx_hal_gpio_ex.h Drivers/STM32F3xx_HAL_Driver/Inc/stm32f3xx_hal_exti.h Drivers/STM32F3xx_HAL_Driver/Inc/stm32f3xx_hal_dma.h Drivers/STM32F3xx_HAL_Driver/Inc/stm32f3xx_hal_dma_ex.h Drivers/STM32F3xx_HAL_Driver/Inc/stm32f3xx_hal_cortex.h Drivers/STM32F3xx_HAL_Driver/Inc/stm32f3xx_hal_dac.h Drivers/STM32F3xx_HAL_Driver/Inc/stm32f3xx_hal_dac_ex.h Drivers/STM32F3xx_HAL_Driver/Inc/stm32f3xx_hal_flash.h Drivers/STM32F3xx_HAL_Driver/Inc/stm32f3xx_hal_flash_ex.h Drivers/STM32F3xx_HAL_Driver/Inc/stm32f3xx_hal_i2c.h Drivers/STM32F3xx_HAL_Driver/Inc/stm32f3xx_hal_i2c_ex.h Drivers/STM32F3xx_HAL_Driver/Inc/stm32f3xx_hal_pwr.h Drivers/STM32F3xx_HAL_Driver/Inc/stm32f3xx_hal_pwr_ex.h Drivers/STM32F3xx_HAL_Driver/Inc/stm32f3xx_hal_uart.h Drivers/STM32F3xx_HAL_Driver/Inc/stm32f3xx_hal_uart_ex.h
#  Implicit rule search has not been done.
#  Modification time never checked.
#  File has not been updated.

Core/Inc/dac.h:
#  Implicit rule search has been done.
#  Last modified 2022-06-04 09:13:40
#  File has been updated.
 
#  Successfully updated.
# variable set hash-table stats:
# Load=0/32=0%, Rehash=0, Collisions=0/0=0%

Drivers/STM32F3xx_HAL_Driver/Inc/stm32f3xx_hal_flash_ex.h:
#  Implicit rule search has been done.
#  Last modified 2022-06-04 09:13:41
#  File has been updated.
#  Successfully updated.
# variable set hash-table stats:
# Load=0/32=0%, Rehash=0, Collisions=0/0=0%

Drivers/CMSIS/Device/ST/STM32F3xx/Include/stm32f3xx.h:
#  Implicit rule search has been done.
#  Last modified 2022-06-04 09:13:41
#  File has been updated.
#  Successfully updated.
# variable set hash-table stats:
# Load=0/32=0%, Rehash=0, Collisions=0/0=0%

Core/Inc/main.h:
#  Implicit rule search has been done.
#  Last modified 2022-06-04 09:13:40
#  File has been updated.
#  Successfully updated.
# variable set hash-table stats:
# Load=0/32=0%, Rehash=0, Collisions=0/0=0%

# Not a target:
build/uart-hal.hex:
#  Implicit rule search has not been done.
#  Modification time never checked.
#  File has not been updated.

clean:
#  Implicit rule search has not been done.
#  Modification time never checked.
#  File has not been updated.
#  commands to execute (from `Makefile', line 191):
	-rm -fR $(BUILD_DIR)
	

# Not a target:
build/stm32f3xx_hal_pwr_ex.d:
#  A default, MAKEFILES, or -include/sinclude makefile.
#  Implicit rule search has been done.
#  Last modified 2022-06-04 15:47:38
#  File has been updated.
#  Successfully updated.
# variable set hash-table stats:
# Load=0/32=0%, Rehash=0, Collisions=0/0=0%

Drivers/STM32F3xx_HAL_Driver/Inc/stm32f3xx_hal_dma_ex.h:
#  Implicit rule search has been done.
#  Last modified 2022-06-04 09:13:41
#  File has been updated.
#  Successfully updated.
# variable set hash-table stats:
# Load=0/32=0%, Rehash=0, Collisions=0/0=0%

Drivers/STM32F3xx_HAL_Driver/Inc/stm32f3xx_hal_def.h:
#  Implicit rule search has been done.
#  Last modified 2022-06-04 09:13:41
#  File has been updated.
#  Successfully updated.
# variable set hash-table stats:
# Load=0/32=0%, Rehash=0, Collisions=0/0=0%

# Not a target:
Drivers/STM32F3xx_HAL_Driver/Src/stm32f3xx_hal.c:
#  Implicit rule search has not been done.
#  Modification time never checked.
#  File has not been updated.

build/stm32f3xx_hal_tim.o: Drivers/STM32F3xx_HAL_Driver/Src/stm32f3xx_hal_tim.c Drivers/STM32F3xx_HAL_Driver/Inc/stm32f3xx_hal.h Core/Inc/stm32f3xx_hal_conf.h Drivers/STM32F3xx_HAL_Driver/Inc/stm32f3xx_hal_rcc.h Drivers/STM32F3xx_HAL_Driver/Inc/stm32f3xx_hal_def.h Drivers/CMSIS/Device/ST/STM32F3xx/Include/stm32f3xx.h Drivers/CMSIS/Device/ST/STM32F3xx/Include/stm32f334x8.h Drivers/CMSIS/Include/core_cm4.h Drivers/CMSIS/Include/cmsis_version.h Drivers/CMSIS/Include/cmsis_compiler.h Drivers/CMSIS/Include/cmsis_gcc.h Drivers/CMSIS/Device/ST/STM32F3xx/Include/system_stm32f3xx.h Drivers/STM32F3xx_HAL_Driver/Inc/Legacy/stm32_hal_legacy.h Drivers/STM32F3xx_HAL_Driver/Inc/stm32f3xx_hal_rcc_ex.h Drivers/STM32F3xx_HAL_Driver/Inc/stm32f3xx_hal_gpio.h Drivers/STM32F3xx_HAL_Driver/Inc/stm32f3xx_hal_gpio_ex.h Drivers/STM32F3xx_HAL_Driver/Inc/stm32f3xx_hal_exti.h Drivers/STM32F3xx_HAL_Driver/Inc/stm32f3xx_hal_dma.h Drivers/STM32F3xx_HAL_Driver/Inc/stm32f3xx_hal_dma_ex.h Drivers/STM32F3xx_HAL_Driver/Inc/stm32f3xx_hal_cortex.h Drivers/STM32F3xx_HAL_Driver/Inc/stm32f3xx_hal_dac.h Drivers/STM32F3xx_HAL_Driver/Inc/stm32f3xx_hal_dac_ex.h Drivers/STM32F3xx_HAL_Driver/Inc/stm32f3xx_hal_flash.h Drivers/STM32F3xx_HAL_Driver/Inc/stm32f3xx_hal_flash_ex.h Drivers/STM32F3xx_HAL_Driver/Inc/stm32f3xx_hal_i2c.h Drivers/STM32F3xx_HAL_Driver/Inc/stm32f3xx_hal_i2c_ex.h Drivers/STM32F3xx_HAL_Driver/Inc/stm32f3xx_hal_pwr.h Drivers/STM32F3xx_HAL_Driver/Inc/stm32f3xx_hal_pwr_ex.h Drivers/STM32F3xx_HAL_Driver/Inc/stm32f3xx_hal_uart.h Drivers/STM32F3xx_HAL_Driver/Inc/stm32f3xx_hal_uart_ex.h
#  Implicit rule search has not been done.
#  Modification time never checked.
#  File has not been updated.

build/stm32f3xx_hal_i2c_ex.o: Drivers/STM32F3xx_HAL_Driver/Src/stm32f3xx_hal_i2c_ex.c Drivers/STM32F3xx_HAL_Driver/Inc/stm32f3xx_hal.h Core/Inc/stm32f3xx_hal_conf.h Drivers/STM32F3xx_HAL_Driver/Inc/stm32f3xx_hal_rcc.h Drivers/STM32F3xx_HAL_Driver/Inc/stm32f3xx_hal_def.h Drivers/CMSIS/Device/ST/STM32F3xx/Include/stm32f3xx.h Drivers/CMSIS/Device/ST/STM32F3xx/Include/stm32f334x8.h Drivers/CMSIS/Include/core_cm4.h Drivers/CMSIS/Include/cmsis_version.h Drivers/CMSIS/Include/cmsis_compiler.h Drivers/CMSIS/Include/cmsis_gcc.h Drivers/CMSIS/Device/ST/STM32F3xx/Include/system_stm32f3xx.h Drivers/STM32F3xx_HAL_Driver/Inc/Legacy/stm32_hal_legacy.h Drivers/STM32F3xx_HAL_Driver/Inc/stm32f3xx_hal_rcc_ex.h Drivers/STM32F3xx_HAL_Driver/Inc/stm32f3xx_hal_gpio.h Drivers/STM32F3xx_HAL_Driver/Inc/stm32f3xx_hal_gpio_ex.h Drivers/STM32F3xx_HAL_Driver/Inc/stm32f3xx_hal_exti.h Drivers/STM32F3xx_HAL_Driver/Inc/stm32f3xx_hal_dma.h Drivers/STM32F3xx_HAL_Driver/Inc/stm32f3xx_hal_dma_ex.h Drivers/STM32F3xx_HAL_Driver/Inc/stm32f3xx_hal_cortex.h Drivers/STM32F3xx_HAL_Driver/Inc/stm32f3xx_hal_dac.h Drivers/STM32F3xx_HAL_Driver/Inc/stm32f3xx_hal_dac_ex.h Drivers/STM32F3xx_HAL_Driver/Inc/stm32f3xx_hal_flash.h Drivers/STM32F3xx_HAL_Driver/Inc/stm32f3xx_hal_flash_ex.h Drivers/STM32F3xx_HAL_Driver/Inc/stm32f3xx_hal_i2c.h Drivers/STM32F3xx_HAL_Driver/Inc/stm32f3xx_hal_i2c_ex.h Drivers/STM32F3xx_HAL_Driver/Inc/stm32f3xx_hal_pwr.h Drivers/STM32F3xx_HAL_Driver/Inc/stm32f3xx_hal_pwr_ex.h Drivers/STM32F3xx_HAL_Driver/Inc/stm32f3xx_hal_uart.h Drivers/STM32F3xx_HAL_Driver/Inc/stm32f3xx_hal_uart_ex.h
#  Implicit rule search has not been done.
#  Modification time never checked.
#  File has not been updated.

# Not a target:
Core/Src/dac.c:
#  Implicit rule search has been done.
#  Last modified 2022-06-04 09:13:40
#  File has been updated.
#  Successfully updated.
# variable set hash-table stats:
# Load=0/32=0%, Rehash=0, Collisions=0/0=0%

Core/Inc/usart.h:
#  Implicit rule search has been done.
#  Last modified 2022-06-04 09:13:40
#  File has been updated.
#  Successfully updated.
# variable set hash-table stats:
# Load=0/32=0%, Rehash=0, Collisions=0/0=0%

# Not a target:
Drivers/STM32F3xx_HAL_Driver/Src/stm32f3xx_hal_flash_ex.c:
#  Implicit rule search has not been done.
#  Modification time never checked.
#  File has not been updated.

build/user.o: Core/Src/user.c Makefile | build
#  Implicit rule search has been done.
#  Implicit/static pattern stem: `user'
#  File does not exist.
#  File has been updated.
#  Needs to be updated (-q is set).
# automatic
# @ := build/user.o
# automatic
# % := 
# automatic
# * := user
# automatic
# + := Core/Src/user.c Makefile
# automatic
# | := build
# automatic
# < := Core/Src/user.c
# automatic
# ^ := Core/Src/user.c Makefile
# automatic
# ? := Core/Src/user.c Makefile
# variable set hash-table stats:
# Load=8/32=25%, Rehash=0, Collisions=1/25=4%
#  commands to execute (from `Makefile', line 169):
	$(CC) -c $(CFLAGS) -Wa,-a,-ad,-alms=$(BUILD_DIR)/$(notdir $(<:.c=.lst)) $< -o $@
	

# Not a target:
build/stm32f3xx_hal_cortex.d:
#  A default, MAKEFILES, or -include/sinclude makefile.
#  Implicit rule search has been done.
#  Last modified 2022-06-04 15:49:37
#  File has been updated.
#  Successfully updated.
# variable set hash-table stats:
# Load=0/32=0%, Rehash=0, Collisions=0/0=0%

# Not a target:
Core/Src/main.c:
#  Implicit rule search has been done.
#  Last modified 2022-06-04 15:45:54
#  File has been updated.
#  Successfully updated.
# variable set hash-table stats:
# Load=0/32=0%, Rehash=0, Collisions=0/0=0%

Drivers/STM32F3xx_HAL_Driver/Inc/stm32f3xx_hal_gpio.h:
#  Implicit rule search has been done.
#  Last modified 2022-06-04 09:13:41
#  File has been updated.
#  Successfully updated.
# variable set hash-table stats:
# Load=0/32=0%, Rehash=0, Collisions=0/0=0%

# Not a target:
build/dac.d:
#  A default, MAKEFILES, or -include/sinclude makefile.
#  Implicit rule search has been done.
#  Last modified 2022-06-04 15:49:36
#  File has been updated.
#  Successfully updated.
# variable set hash-table stats:
# Load=0/32=0%, Rehash=0, Collisions=0/0=0%

 
build/stm32f3xx_hal_pwr.o: Drivers/STM32F3xx_HAL_Driver/Src/stm32f3xx_hal_pwr.c Drivers/STM32F3xx_HAL_Driver/Inc/stm32f3xx_hal.h Core/Inc/stm32f3xx_hal_conf.h Drivers/STM32F3xx_HAL_Driver/Inc/stm32f3xx_hal_rcc.h Drivers/STM32F3xx_HAL_Driver/Inc/stm32f3xx_hal_def.h Drivers/CMSIS/Device/ST/STM32F3xx/Include/stm32f3xx.h Drivers/CMSIS/Device/ST/STM32F3xx/Include/stm32f334x8.h Drivers/CMSIS/Include/core_cm4.h Drivers/CMSIS/Include/cmsis_version.h Drivers/CMSIS/Include/cmsis_compiler.h Drivers/CMSIS/Include/cmsis_gcc.h Drivers/CMSIS/Device/ST/STM32F3xx/Include/system_stm32f3xx.h Drivers/STM32F3xx_HAL_Driver/Inc/Legacy/stm32_hal_legacy.h Drivers/STM32F3xx_HAL_Driver/Inc/stm32f3xx_hal_rcc_ex.h Drivers/STM32F3xx_HAL_Driver/Inc/stm32f3xx_hal_gpio.h Drivers/STM32F3xx_HAL_Driver/Inc/stm32f3xx_hal_gpio_ex.h Drivers/STM32F3xx_HAL_Driver/Inc/stm32f3xx_hal_exti.h Drivers/STM32F3xx_HAL_Driver/Inc/stm32f3xx_hal_dma.h Drivers/STM32F3xx_HAL_Driver/Inc/stm32f3xx_hal_dma_ex.h Drivers/STM32F3xx_HAL_Driver/Inc/stm32f3xx_hal_cortex.h Drivers/STM32F3xx_HAL_Driver/Inc/stm32f3xx_hal_dac.h Drivers/STM32F3xx_HAL_Driver/Inc/stm32f3xx_hal_dac_ex.h Drivers/STM32F3xx_HAL_Driver/Inc/stm32f3xx_hal_flash.h Drivers/STM32F3xx_HAL_Driver/Inc/stm32f3xx_hal_flash_ex.h Drivers/STM32F3xx_HAL_Driver/Inc/stm32f3xx_hal_i2c.h Drivers/STM32F3xx_HAL_Driver/Inc/stm32f3xx_hal_i2c_ex.h Drivers/STM32F3xx_HAL_Driver/Inc/stm32f3xx_hal_pwr.h Drivers/STM32F3xx_HAL_Driver/Inc/stm32f3xx_hal_pwr_ex.h Drivers/STM32F3xx_HAL_Driver/Inc/stm32f3xx_hal_uart.h Drivers/STM32F3xx_HAL_Driver/Inc/stm32f3xx_hal_uart_ex.h
#  Implicit rule search has not been done.
#  Modification time never checked.
#  File has not been updated.

Drivers/STM32F3xx_HAL_Driver/Inc/stm32f3xx_hal_flash.h:
#  Implicit rule search has been done.
#  Last modified 2022-06-04 09:13:41
#  File has been updated.
#  Successfully updated.
# variable set hash-table stats:
# Load=0/32=0%, Rehash=0, Collisions=0/0=0%

Drivers/STM32F3xx_HAL_Driver/Inc/stm32f3xx_hal.h:
#  Implicit rule search has been done.
#  Last modified 2022-06-04 09:13:41
#  File has been updated.
#  Successfully updated.
# variable set hash-table stats:
# Load=0/32=0%, Rehash=0, Collisions=0/0=0%

build/stm32f3xx_hal_uart_ex.o: Drivers/STM32F3xx_HAL_Driver/Src/stm32f3xx_hal_uart_ex.c Drivers/STM32F3xx_HAL_Driver/Inc/stm32f3xx_hal.h Core/Inc/stm32f3xx_hal_conf.h Drivers/STM32F3xx_HAL_Driver/Inc/stm32f3xx_hal_rcc.h Drivers/STM32F3xx_HAL_Driver/Inc/stm32f3xx_hal_def.h Drivers/CMSIS/Device/ST/STM32F3xx/Include/stm32f3xx.h Drivers/CMSIS/Device/ST/STM32F3xx/Include/stm32f334x8.h Drivers/CMSIS/Include/core_cm4.h Drivers/CMSIS/Include/cmsis_version.h Drivers/CMSIS/Include/cmsis_compiler.h Drivers/CMSIS/Include/cmsis_gcc.h Drivers/CMSIS/Device/ST/STM32F3xx/Include/system_stm32f3xx.h Drivers/STM32F3xx_HAL_Driver/Inc/Legacy/stm32_hal_legacy.h Drivers/STM32F3xx_HAL_Driver/Inc/stm32f3xx_hal_rcc_ex.h Drivers/STM32F3xx_HAL_Driver/Inc/stm32f3xx_hal_gpio.h Drivers/STM32F3xx_HAL_Driver/Inc/stm32f3xx_hal_gpio_ex.h Drivers/STM32F3xx_HAL_Driver/Inc/stm32f3xx_hal_exti.h Drivers/STM32F3xx_HAL_Driver/Inc/stm32f3xx_hal_dma.h Drivers/STM32F3xx_HAL_Driver/Inc/stm32f3xx_hal_dma_ex.h Drivers/STM32F3xx_HAL_Driver/Inc/stm32f3xx_hal_cortex.h Drivers/STM32F3xx_HAL_Driver/Inc/stm32f3xx_hal_dac.h Drivers/STM32F3xx_HAL_Driver/Inc/stm32f3xx_hal_dac_ex.h Drivers/STM32F3xx_HAL_Driver/Inc/stm32f3xx_hal_flash.h Drivers/STM32F3xx_HAL_Driver/Inc/stm32f3xx_hal_flash_ex.h Drivers/STM32F3xx_HAL_Driver/Inc/stm32f3xx_hal_i2c.h Drivers/STM32F3xx_HAL_Driver/Inc/stm32f3xx_hal_i2c_ex.h Drivers/STM32F3xx_HAL_Driver/Inc/stm32f3xx_hal_pwr.h Drivers/STM32F3xx_HAL_Driver/Inc/stm32f3xx_hal_pwr_ex.h Drivers/STM32F3xx_HAL_Driver/Inc/stm32f3xx_hal_uart.h Drivers/STM32F3xx_HAL_Driver/Inc/stm32f3xx_hal_uart_ex.h
#  Implicit rule search has not been done.
#  Modification time never checked.
#  File has not been updated.

# Not a target:
build/main.d:
#  A default, MAKEFILES, or -include/sinclude makefile.
#  Implicit rule search has been done.
#  Last modified 2022-06-04 15:49:36
#  File has been updated.
#  Successfully updated.
# variable set hash-table stats:
# Load=0/32=0%, Rehash=0, Collisions=0/0=0%

# Not a target:
build/stm32f3xx_hal_flash_ex.d:
#  A default, MAKEFILES, or -include/sinclude makefile.
#  Implicit rule search has been done.
#  Last modified 2022-06-04 15:47:38
#  File has been updated.
#  Successfully updated.
# variable set hash-table stats:
# Load=0/32=0%, Rehash=0, Collisions=0/0=0%

# Not a target:
Core/Src/usart.c:
#  Implicit rule search has been done.
#  Last modified 2022-06-04 09:13:40
#  File has been updated.
#  Successfully updated.
# variable set hash-table stats:
# Load=0/32=0%, Rehash=0, Collisions=0/0=0%

Drivers/STM32F3xx_HAL_Driver/Inc/stm32f3xx_hal_rcc.h:
#  Implicit rule search has been done.
#  Last modified 2022-06-04 09:13:41
#  File has been updated.
#  Successfully updated.
# variable set hash-table stats:
# Load=0/32=0%, Rehash=0, Collisions=0/0=0%

flash: all
#  Implicit rule search has not been done.
#  Modification time never checked.
#  File has not been updated.
#  commands to execute (from `Makefile', line 197):
	openocd -f interface/stlink-v2-1.cfg -f target/stm32f3x.cfg -c "program $(BUILD_DIR)/$(TARGET).elf verify reset exit"
	

# Not a target:
Drivers/STM32F3xx_HAL_Driver/Src/stm32f3xx_hal_gpio.c:
#  Implicit rule search has not been done.
#  Modification time never checked.
#  File has not been updated.

# Not a target:
build/usart.d:
#  A default, MAKEFILES, or -include/sinclude makefile.
#  Implicit rule search has been done.
#  Last modified 2022-06-04 15:49:36
#  File has been updated.
#  Successfully updated.
# variable set hash-table stats:
# Load=0/32=0%, Rehash=0, Collisions=0/0=0%

# Not a target:
Drivers/STM32F3xx_HAL_Driver/Src/stm32f3xx_hal_cortex.c:
#  Implicit rule search has not been done.
#  Modification time never checked.
#  File has not been updated.

# Not a target:
Core/Src/stm32f3xx_hal_msp.c:
#  Implicit rule search has not been done.
#  Modification time never checked.
#  File has not been updated.

build/uart-hal.elf: build/main.o build/gpio.o build/dac.o build/usart.o build/user.o build/stm32f3xx_it.o build/stm32f3xx_hal_msp.o build/stm32f3xx_hal_dac.o build/stm32f3xx_hal_dac_ex.o build/stm32f3xx_hal.o build/stm32f3xx_hal_rcc.o build/stm32f3xx_hal_rcc_ex.o build/stm32f3xx_hal_gpio.o build/stm32f3xx_hal_dma.o build/stm32f3xx_hal_cortex.o build/stm32f3xx_hal_pwr.o build/stm32f3xx_hal_pwr_ex.o build/stm32f3xx_hal_flash.o build/stm32f3xx_hal_flash_ex.o build/stm32f3xx_hal_i2c.o build/stm32f3xx_hal_i2c_ex.o build/stm32f3xx_hal_exti.o build/stm32f3xx_hal_tim.o build/stm32f3xx_hal_tim_ex.o build/stm32f3xx_hal_uart.o build/stm32f3xx_hal_uart_ex.o build/system_stm32f3xx.o build/startup_stm32f334x8.o Makefile
#  Implicit rule search has not been done.
#  File does not exist.
#  File has been updated.
#  Needs to be updated (-q is set).
# variable set hash-table stats:
# Load=0/32=0%, Rehash=0, Collisions=0/13=0%
#  commands to execute (from `Makefile', line 175):
	$(CC) $(OBJECTS) $(LDFLAGS) -o $@
	$(SZ) $@
	

# Not a target:
build/stm32f3xx_hal_flash.d:
#  A default, MAKEFILES, or -include/sinclude makefile.
#  Implicit rule search has been done.
#  Last modified 2022-06-04 15:47:38
#  File has been updated.
#  Successfully updated.
# variable set hash-table stats:
# Load=0/32=0%, Rehash=0, Collisions=0/0=0%

 
build/stm32f3xx_hal_dac_ex.o: Drivers/STM32F3xx_HAL_Driver/Src/stm32f3xx_hal_dac_ex.c Drivers/STM32F3xx_HAL_Driver/Inc/stm32f3xx_hal.h Core/Inc/stm32f3xx_hal_conf.h Drivers/STM32F3xx_HAL_Driver/Inc/stm32f3xx_hal_rcc.h Drivers/STM32F3xx_HAL_Driver/Inc/stm32f3xx_hal_def.h Drivers/CMSIS/Device/ST/STM32F3xx/Include/stm32f3xx.h Drivers/CMSIS/Device/ST/STM32F3xx/Include/stm32f334x8.h Drivers/CMSIS/Include/core_cm4.h Drivers/CMSIS/Include/cmsis_version.h Drivers/CMSIS/Include/cmsis_compiler.h Drivers/CMSIS/Include/cmsis_gcc.h Drivers/CMSIS/Device/ST/STM32F3xx/Include/system_stm32f3xx.h Drivers/STM32F3xx_HAL_Driver/Inc/Legacy/stm32_hal_legacy.h Drivers/STM32F3xx_HAL_Driver/Inc/stm32f3xx_hal_rcc_ex.h Drivers/STM32F3xx_HAL_Driver/Inc/stm32f3xx_hal_gpio.h Drivers/STM32F3xx_HAL_Driver/Inc/stm32f3xx_hal_gpio_ex.h Drivers/STM32F3xx_HAL_Driver/Inc/stm32f3xx_hal_exti.h Drivers/STM32F3xx_HAL_Driver/Inc/stm32f3xx_hal_dma.h Drivers/STM32F3xx_HAL_Driver/Inc/stm32f3xx_hal_dma_ex.h Drivers/STM32F3xx_HAL_Driver/Inc/stm32f3xx_hal_cortex.h Drivers/STM32F3xx_HAL_Driver/Inc/stm32f3xx_hal_dac.h Drivers/STM32F3xx_HAL_Driver/Inc/stm32f3xx_hal_dac_ex.h Drivers/STM32F3xx_HAL_Driver/Inc/stm32f3xx_hal_flash.h Drivers/STM32F3xx_HAL_Driver/Inc/stm32f3xx_hal_flash_ex.h Drivers/STM32F3xx_HAL_Driver/Inc/stm32f3xx_hal_i2c.h Drivers/STM32F3xx_HAL_Driver/Inc/stm32f3xx_hal_i2c_ex.h Drivers/STM32F3xx_HAL_Driver/Inc/stm32f3xx_hal_pwr.h Drivers/STM32F3xx_HAL_Driver/Inc/stm32f3xx_hal_pwr_ex.h Drivers/STM32F3xx_HAL_Driver/Inc/stm32f3xx_hal_uart.h Drivers/STM32F3xx_HAL_Driver/Inc/stm32f3xx_hal_uart_ex.h
#  Implicit rule search has not been done.
#  Modification time never checked.
#  File has not been updated.

Drivers/STM32F3xx_HAL_Driver/Inc/stm32f3xx_hal_exti.h:
#  Implicit rule search has been done.
#  Last modified 2022-06-04 09:13:41
#  File has been updated.
#  Successfully updated.
# variable set hash-table stats:
# Load=0/32=0%, Rehash=0, Collisions=0/0=0%

# Not a target:
build/stm32f3xx_hal_msp.d:
#  A default, MAKEFILES, or -include/sinclude makefile.
#  Implicit rule search has been done.
#  Last modified 2022-06-04 15:49:36
#  File has been updated.
#  Successfully updated.
# variable set hash-table stats:
# Load=0/32=0%, Rehash=0, Collisions=0/0=0%

# Not a target:
build/stm32f3xx_hal_gpio.d:
#  A default, MAKEFILES, or -include/sinclude makefile.
#  Implicit rule search has been done.
#  Last modified 2022-06-04 15:49:37
#  File has been updated.
#  Successfully updated.
# variable set hash-table stats:
# Load=0/32=0%, Rehash=0, Collisions=0/0=0%

# Not a target:
Drivers/STM32F3xx_HAL_Driver/Src/stm32f3xx_hal_rcc.c:
#  Implicit rule search has not been done.
#  Modification time never checked.
#  File has not been updated.

build/stm32f3xx_hal_dma.o: Drivers/STM32F3xx_HAL_Driver/Src/stm32f3xx_hal_dma.c Drivers/STM32F3xx_HAL_Driver/Inc/stm32f3xx_hal.h Core/Inc/stm32f3xx_hal_conf.h Drivers/STM32F3xx_HAL_Driver/Inc/stm32f3xx_hal_rcc.h Drivers/STM32F3xx_HAL_Driver/Inc/stm32f3xx_hal_def.h Drivers/CMSIS/Device/ST/STM32F3xx/Include/stm32f3xx.h Drivers/CMSIS/Device/ST/STM32F3xx/Include/stm32f334x8.h Drivers/CMSIS/Include/core_cm4.h Drivers/CMSIS/Include/cmsis_version.h Drivers/CMSIS/Include/cmsis_compiler.h Drivers/CMSIS/Include/cmsis_gcc.h Drivers/CMSIS/Device/ST/STM32F3xx/Include/system_stm32f3xx.h Drivers/STM32F3xx_HAL_Driver/Inc/Legacy/stm32_hal_legacy.h Drivers/STM32F3xx_HAL_Driver/Inc/stm32f3xx_hal_rcc_ex.h Drivers/STM32F3xx_HAL_Driver/Inc/stm32f3xx_hal_gpio.h Drivers/STM32F3xx_HAL_Driver/Inc/stm32f3xx_hal_gpio_ex.h Drivers/STM32F3xx_HAL_Driver/Inc/stm32f3xx_hal_exti.h Drivers/STM32F3xx_HAL_Driver/Inc/stm32f3xx_hal_dma.h Drivers/STM32F3xx_HAL_Driver/Inc/stm32f3xx_hal_dma_ex.h Drivers/STM32F3xx_HAL_Driver/Inc/stm32f3xx_hal_cortex.h Drivers/STM32F3xx_HAL_Driver/Inc/stm32f3xx_hal_dac.h Drivers/STM32F3xx_HAL_Driver/Inc/stm32f3xx_hal_dac_ex.h Drivers/STM32F3xx_HAL_Driver/Inc/stm32f3xx_hal_flash.h Drivers/STM32F3xx_HAL_Driver/Inc/stm32f3xx_hal_flash_ex.h Drivers/STM32F3xx_HAL_Driver/Inc/stm32f3xx_hal_i2c.h Drivers/STM32F3xx_HAL_Driver/Inc/stm32f3xx_hal_i2c_ex.h Drivers/STM32F3xx_HAL_Driver/Inc/stm32f3xx_hal_pwr.h Drivers/STM32F3xx_HAL_Driver/Inc/stm32f3xx_hal_pwr_ex.h Drivers/STM32F3xx_HAL_Driver/Inc/stm32f3xx_hal_uart.h Drivers/STM32F3xx_HAL_Driver/Inc/stm32f3xx_hal_uart_ex.h
#  Implicit rule search has not been done.
#  Modification time never checked.
#  File has not been updated.

build/stm32f3xx_hal_tim_ex.o: Drivers/STM32F3xx_HAL_Driver/Src/stm32f3xx_hal_tim_ex.c Drivers/STM32F3xx_HAL_Driver/Inc/stm32f3xx_hal.h Core/Inc/stm32f3xx_hal_conf.h Drivers/STM32F3xx_HAL_Driver/Inc/stm32f3xx_hal_rcc.h Drivers/STM32F3xx_HAL_Driver/Inc/stm32f3xx_hal_def.h Drivers/CMSIS/Device/ST/STM32F3xx/Include/stm32f3xx.h Drivers/CMSIS/Device/ST/STM32F3xx/Include/stm32f334x8.h Drivers/CMSIS/Include/core_cm4.h Drivers/CMSIS/Include/cmsis_version.h Drivers/CMSIS/Include/cmsis_compiler.h Drivers/CMSIS/Include/cmsis_gcc.h Drivers/CMSIS/Device/ST/STM32F3xx/Include/system_stm32f3xx.h Drivers/STM32F3xx_HAL_Driver/Inc/Legacy/stm32_hal_legacy.h Drivers/STM32F3xx_HAL_Driver/Inc/stm32f3xx_hal_rcc_ex.h Drivers/STM32F3xx_HAL_Driver/Inc/stm32f3xx_hal_gpio.h Drivers/STM32F3xx_HAL_Driver/Inc/stm32f3xx_hal_gpio_ex.h Drivers/STM32F3xx_HAL_Driver/Inc/stm32f3xx_hal_exti.h Drivers/STM32F3xx_HAL_Driver/Inc/stm32f3xx_hal_dma.h Drivers/STM32F3xx_HAL_Driver/Inc/stm32f3xx_hal_dma_ex.h Drivers/STM32F3xx_HAL_Driver/Inc/stm32f3xx_hal_cortex.h Drivers/STM32F3xx_HAL_Driver/Inc/stm32f3xx_hal_dac.h Drivers/STM32F3xx_HAL_Driver/Inc/stm32f3xx_hal_dac_ex.h Drivers/STM32F3xx_HAL_Driver/Inc/stm32f3xx_hal_flash.h Drivers/STM32F3xx_HAL_Driver/Inc/stm32f3xx_hal_flash_ex.h Drivers/STM32F3xx_HAL_Driver/Inc/stm32f3xx_hal_i2c.h Drivers/STM32F3xx_HAL_Driver/Inc/stm32f3xx_hal_i2c_ex.h Drivers/STM32F3xx_HAL_Driver/Inc/stm32f3xx_hal_pwr.h Drivers/STM32F3xx_HAL_Driver/Inc/stm32f3xx_hal_pwr_ex.h Drivers/STM32F3xx_HAL_Driver/Inc/stm32f3xx_hal_uart.h Drivers/STM32F3xx_HAL_Driver/Inc/stm32f3xx_hal_uart_ex.h
#  Implicit rule search has not been done.
#  Modification time never checked.
#  File has not been updated.

# Not a target:
build/stm32f3xx_hal.d:
#  A default, MAKEFILES, or -include/sinclude makefile.
#  Implicit rule search has been done.
#  Last modified 2022-06-04 15:49:37
#  File has been updated.
#  Successfully updated.
# variable set hash-table stats:
# Load=0/32=0%, Rehash=0, Collisions=0/0=0%

Core/Inc/gpio.h:
#  Implicit rule search has been done.
#  Last modified 2022-06-04 09:13:39
#  File has been updated.
#  Successfully updated.
# variable set hash-table stats:
# Load=0/32=0%, Rehash=0, Collisions=0/0=0%

Drivers/CMSIS/Include/core_cm4.h:
#  Implicit rule search has been done.
#  Last modified 2022-06-04 09:13:41
#  File has been updated.
#  Successfully updated.
# variable set hash-table stats:
# Load=0/32=0%, Rehash=0, Collisions=0/0=0%

# Not a target:
build/stm32f3xx_hal_rcc.d:
#  A default, MAKEFILES, or -include/sinclude makefile.
#  Implicit rule search has been done.
#  Last modified 2022-06-04 15:49:37
#  File has been updated.
#  Successfully updated.
# variable set hash-table stats:
# Load=0/32=0%, Rehash=0, Collisions=0/0=0%

# Not a target:
Drivers/STM32F3xx_HAL_Driver/Src/stm32f3xx_hal_exti.c:
#  Implicit rule search has not been done.
#  Modification time never checked.
#  File has not been updated.

Drivers/STM32F3xx_HAL_Driver/Inc/stm32f3xx_hal_gpio_ex.h:
#  Implicit rule search has been done.
#  Last modified 2022-06-04 09:13:41
#  File has been updated.
#  Successfully updated.
# variable set hash-table stats:
# Load=0/32=0%, Rehash=0, Collisions=0/0=0%

 
build/stm32f3xx_hal_pwr_ex.o: Drivers/STM32F3xx_HAL_Driver/Src/stm32f3xx_hal_pwr_ex.c Drivers/STM32F3xx_HAL_Driver/Inc/stm32f3xx_hal.h Core/Inc/stm32f3xx_hal_conf.h Drivers/STM32F3xx_HAL_Driver/Inc/stm32f3xx_hal_rcc.h Drivers/STM32F3xx_HAL_Driver/Inc/stm32f3xx_hal_def.h Drivers/CMSIS/Device/ST/STM32F3xx/Include/stm32f3xx.h Drivers/CMSIS/Device/ST/STM32F3xx/Include/stm32f334x8.h Drivers/CMSIS/Include/core_cm4.h Drivers/CMSIS/Include/cmsis_version.h Drivers/CMSIS/Include/cmsis_compiler.h Drivers/CMSIS/Include/cmsis_gcc.h Drivers/CMSIS/Device/ST/STM32F3xx/Include/system_stm32f3xx.h Drivers/STM32F3xx_HAL_Driver/Inc/Legacy/stm32_hal_legacy.h Drivers/STM32F3xx_HAL_Driver/Inc/stm32f3xx_hal_rcc_ex.h Drivers/STM32F3xx_HAL_Driver/Inc/stm32f3xx_hal_gpio.h Drivers/STM32F3xx_HAL_Driver/Inc/stm32f3xx_hal_gpio_ex.h Drivers/STM32F3xx_HAL_Driver/Inc/stm32f3xx_hal_exti.h Drivers/STM32F3xx_HAL_Driver/Inc/stm32f3xx_hal_dma.h Drivers/STM32F3xx_HAL_Driver/Inc/stm32f3xx_hal_dma_ex.h Drivers/STM32F3xx_HAL_Driver/Inc/stm32f3xx_hal_cortex.h Drivers/STM32F3xx_HAL_Driver/Inc/stm32f3xx_hal_dac.h Drivers/STM32F3xx_HAL_Driver/Inc/stm32f3xx_hal_dac_ex.h Drivers/STM32F3xx_HAL_Driver/Inc/stm32f3xx_hal_flash.h Drivers/STM32F3xx_HAL_Driver/Inc/stm32f3xx_hal_flash_ex.h Drivers/STM32F3xx_HAL_Driver/Inc/stm32f3xx_hal_i2c.h Drivers/STM32F3xx_HAL_Driver/Inc/stm32f3xx_hal_i2c_ex.h Drivers/STM32F3xx_HAL_Driver/Inc/stm32f3xx_hal_pwr.h Drivers/STM32F3xx_HAL_Driver/Inc/stm32f3xx_hal_pwr_ex.h Drivers/STM32F3xx_HAL_Driver/Inc/stm32f3xx_hal_uart.h Drivers/STM32F3xx_HAL_Driver/Inc/stm32f3xx_hal_uart_ex.h
#  Implicit rule search has not been done.
#  Modification time never checked.
#  File has not been updated.

Core/Inc/stm32f3xx_it.h:
#  Implicit rule search has not been done.
#  Modification time never checked.
#  File has not been updated.

# files hash-table stats:
# Load=128/1024=12%, Rehash=0, Collisions=73/1800=4%
# VPATH Search Paths

vpath %.c Core/Src:Drivers/STM32F3xx_HAL_Driver/Src

# 1 `vpath' search paths.

# No general (`VPATH' variable) search path.

# # of strings in strcache: 28
# # of strcache buffers: 1
# strcache size: total = 4096 / max = 4096 / min = 4096 / avg = 4096
# strcache free: total = 3413 / max = 3413 / min = 3413 / avg = 3413

# Finished Make data base on Sat Jun  4 15:49:48 2022

 
